2025-08-15 02:08:58,788 [INFO] ============================================================
2025-08-15 02:08:58,790 [INFO] 🚀 HYBRID ARBITRAGE BOT - ИНИЦИАЛИЗАЦИЯ
2025-08-15 02:08:58,792 [INFO] ============================================================
2025-08-15 02:09:12,047 [INFO] ✅ MEXC: TRADING | Баланс: $0.00
2025-08-15 02:09:14,372 [INFO] 📡 OKX: PUBLIC (только чтение)
2025-08-15 02:09:18,622 [INFO] 📡 KUCOIN: PUBLIC (только чтение)
2025-08-15 02:09:18,623 [INFO] 
📊 РЕЖИМЫ РАБОТЫ:
2025-08-15 02:09:18,624 [INFO]    💼 Trading: mexc
2025-08-15 02:09:18,625 [INFO]    📡 Public: okx, kucoin
2025-08-15 02:09:18,626 [INFO]    💰 Баланс: $0.00
2025-08-15 02:09:18,627 [INFO]    📈 Мин. прибыль: 0.05%
2025-08-15 02:09:18,628 [INFO]    🎯 Пар: 20
2025-08-15 02:09:18,628 [INFO] 
============================================================
2025-08-15 02:09:18,630 [INFO] 🚀 ЗАПУСК ГИБРИДНОГО РЕЖИМА
2025-08-15 02:09:18,631 [INFO] ============================================================
2025-08-15 02:09:23,190 [INFO] ------------------------------------------------------------
2025-08-15 02:09:23,191 [INFO] 📊 СТАТУС:
2025-08-15 02:09:23,191 [INFO]    🔄 Активных цен: 54
2025-08-15 02:09:23,192 [INFO]    🎯 Возможностей: 0
2025-08-15 02:09:23,193 [INFO]    🎮 Сделок: 0
2025-08-15 02:09:23,194 [INFO]    💰 Прибыль: $0.00
2025-08-15 02:09:54,488 [INFO] ------------------------------------------------------------
2025-08-15 02:09:54,489 [INFO] 📊 СТАТУС:
2025-08-15 02:09:54,490 [INFO]    🔄 Активных цен: 54
2025-08-15 02:09:54,490 [INFO]    🎯 Возможностей: 0
2025-08-15 02:09:54,491 [INFO]    🎮 Сделок: 0
2025-08-15 02:09:54,492 [INFO]    💰 Прибыль: $0.00
2025-08-15 02:09:54,492 [INFO]    📈 Волатильность:
2025-08-15 02:09:54,493 [INFO]       DOGE/USDT: 0.07%
2025-08-15 02:09:54,493 [INFO]       ADA/USDT: 0.04%
2025-08-15 02:10:19,391 [INFO] ============================================================
2025-08-15 02:10:19,392 [INFO] 🎯 АРБИТРАЖ: DOGE/USDT
2025-08-15 02:10:19,393 [INFO]    📊 MEXC → KUCOIN
2025-08-15 02:10:19,394 [INFO]    💹 Спред: 0.153%
2025-08-15 02:10:19,395 [INFO]    💸 Комиссии: 0.000% + 0.100%
2025-08-15 02:10:19,396 [INFO]    💰 Прибыль: 0.053%
2025-08-15 02:10:19,397 [INFO]    📈 Объем: $151,681,788
2025-08-15 02:10:19,398 [INFO]    🔧 Режим: REAL
2025-08-15 02:10:19,399 [INFO]    🎮 СИМУЛЯЦИЯ:
2025-08-15 02:10:19,400 [INFO]       Покупка: 449.4988 @ $0.22
2025-08-15 02:10:19,400 [INFO]       Продажа: 449.4988 @ $0.22
2025-08-15 02:10:19,401 [INFO]    ✅ Прибыль: $0.05
2025-08-15 02:10:26,012 [INFO] ------------------------------------------------------------
2025-08-15 02:10:26,013 [INFO] 📊 СТАТУС:
2025-08-15 02:10:26,014 [INFO]    🔄 Активных цен: 54
2025-08-15 02:10:26,015 [INFO]    🎯 Возможностей: 1
2025-08-15 02:10:26,017 [INFO]    🎮 Сделок: 1
2025-08-15 02:10:26,018 [INFO]    💰 Прибыль: $0.05
2025-08-15 02:10:26,019 [INFO]    🏆 Лучшая: 0.053%
2025-08-15 02:10:26,022 [INFO]       DOGE/USDT: mexc → kucoin
2025-08-15 02:10:26,023 [INFO]    📈 Волатильность:
2025-08-15 02:10:26,024 [INFO]       ADA/USDT: 0.10%
2025-08-15 02:10:26,025 [INFO]       DOGE/USDT: 0.08%
2025-08-15 02:10:57,571 [INFO] ------------------------------------------------------------
2025-08-15 02:10:57,572 [INFO] 📊 СТАТУС:
2025-08-15 02:10:57,572 [INFO]    🔄 Активных цен: 54
2025-08-15 02:10:57,573 [INFO]    🎯 Возможностей: 1
2025-08-15 02:10:57,574 [INFO]    🎮 Сделок: 1
2025-08-15 02:10:57,575 [INFO]    💰 Прибыль: $0.05
2025-08-15 02:10:57,575 [INFO]    🏆 Лучшая: 0.053%
2025-08-15 02:10:57,577 [INFO]       DOGE/USDT: mexc → kucoin
2025-08-15 02:10:57,578 [INFO]    📈 Волатильность:
2025-08-15 02:10:57,579 [INFO]       ADA/USDT: 0.11%
2025-08-15 02:10:57,579 [INFO]       DOGE/USDT: 0.07%
2025-08-15 02:11:30,207 [INFO] ------------------------------------------------------------
2025-08-15 02:11:30,208 [INFO] 📊 СТАТУС:
2025-08-15 02:11:30,210 [INFO]    🔄 Активных цен: 54
2025-08-15 02:11:30,211 [INFO]    🎯 Возможностей: 1
2025-08-15 02:11:30,212 [INFO]    🎮 Сделок: 1
2025-08-15 02:11:30,213 [INFO]    💰 Прибыль: $0.05
2025-08-15 02:11:30,213 [INFO]    🏆 Лучшая: 0.053%
2025-08-15 02:11:30,214 [INFO]       DOGE/USDT: mexc → kucoin
2025-08-15 02:11:30,216 [INFO]    📈 Волатильность:
2025-08-15 02:11:30,217 [INFO]       ADA/USDT: 0.13%
2025-08-15 02:11:30,218 [INFO]       DOGE/USDT: 0.07%
2025-08-15 02:12:03,015 [INFO] ------------------------------------------------------------
2025-08-15 02:12:03,018 [INFO] 📊 СТАТУС:
2025-08-15 02:12:03,019 [INFO]    🔄 Активных цен: 54
2025-08-15 02:12:03,021 [INFO]    🎯 Возможностей: 1
2025-08-15 02:12:03,022 [INFO]    🎮 Сделок: 1
2025-08-15 02:12:03,023 [INFO]    💰 Прибыль: $0.05
2025-08-15 02:12:03,025 [INFO]    🏆 Лучшая: 0.053%
2025-08-15 02:12:03,026 [INFO]       DOGE/USDT: mexc → kucoin
2025-08-15 02:12:03,027 [INFO]    📈 Волатильность:
2025-08-15 02:12:03,028 [INFO]       ADA/USDT: 0.15%
2025-08-15 02:12:03,029 [INFO]       DOGE/USDT: 0.07%
2025-08-15 02:12:34,338 [INFO] ------------------------------------------------------------
2025-08-15 02:12:34,338 [INFO] 📊 СТАТУС:
2025-08-15 02:12:34,339 [INFO]    🔄 Активных цен: 54
2025-08-15 02:12:34,340 [INFO]    🎯 Возможностей: 1
2025-08-15 02:12:34,340 [INFO]    🎮 Сделок: 1
2025-08-15 02:12:34,341 [INFO]    💰 Прибыль: $0.05
2025-08-15 02:12:34,342 [INFO]    🏆 Лучшая: 0.053%
2025-08-15 02:12:34,342 [INFO]       DOGE/USDT: mexc → kucoin
2025-08-15 02:12:34,343 [INFO]    📈 Волатильность:
2025-08-15 02:12:34,343 [INFO]       DOGE/USDT: 0.07%
2025-08-15 02:12:34,344 [INFO]       ADA/USDT: 0.06%
2025-08-15 02:13:05,809 [INFO] ------------------------------------------------------------
2025-08-15 02:13:05,810 [INFO] 📊 СТАТУС:
2025-08-15 02:13:05,811 [INFO]    🔄 Активных цен: 54
2025-08-15 02:13:05,812 [INFO]    🎯 Возможностей: 1
2025-08-15 02:13:05,813 [INFO]    🎮 Сделок: 1
2025-08-15 02:13:05,814 [INFO]    💰 Прибыль: $0.05
2025-08-15 02:13:05,814 [INFO]    🏆 Лучшая: 0.053%
2025-08-15 02:13:05,815 [INFO]       DOGE/USDT: mexc → kucoin
2025-08-15 02:13:05,816 [INFO]    📈 Волатильность:
2025-08-15 02:13:05,817 [INFO]       ADA/USDT: 0.08%
2025-08-15 02:13:05,818 [INFO]       DOGE/USDT: 0.07%
2025-08-15 02:13:35,885 [INFO] ------------------------------------------------------------
2025-08-15 02:13:35,886 [INFO] 📊 СТАТУС:
2025-08-15 02:13:35,887 [INFO]    🔄 Активных цен: 54
2025-08-15 02:13:35,888 [INFO]    🎯 Возможностей: 1
2025-08-15 02:13:35,889 [INFO]    🎮 Сделок: 1
2025-08-15 02:13:35,890 [INFO]    💰 Прибыль: $0.05
2025-08-15 02:13:35,891 [INFO]    🏆 Лучшая: 0.053%
2025-08-15 02:13:35,894 [INFO]       DOGE/USDT: mexc → kucoin
2025-08-15 02:13:35,895 [INFO]    📈 Волатильность:
2025-08-15 02:13:35,897 [INFO]       ADA/USDT: 0.09%
2025-08-15 02:13:35,897 [INFO]       DOGE/USDT: 0.07%
2025-08-15 02:14:02,043 [INFO] ============================================================
2025-08-15 02:14:02,044 [INFO] 🎯 АРБИТРАЖ: ADA/USDT
2025-08-15 02:14:02,045 [INFO]    📊 MEXC → OKX
2025-08-15 02:14:02,046 [INFO]    💹 Спред: 0.162%
2025-08-15 02:14:02,047 [INFO]    💸 Комиссии: 0.000% + 0.080%
2025-08-15 02:14:02,047 [INFO]    💰 Прибыль: 0.082%
2025-08-15 02:14:02,049 [INFO]    📈 Объем: $190,263,478
2025-08-15 02:14:02,049 [INFO]    🔧 Режим: REAL
2025-08-15 02:14:02,050 [INFO]    🎮 СИМУЛЯЦИЯ:
2025-08-15 02:14:02,051 [INFO]       Покупка: 108.2954 @ $0.92
2025-08-15 02:14:02,052 [INFO]       Продажа: 108.2954 @ $0.92
2025-08-15 02:14:02,052 [INFO]    ✅ Прибыль: $0.08
2025-08-15 02:14:08,519 [INFO] ------------------------------------------------------------
2025-08-15 02:14:08,520 [INFO] 📊 СТАТУС:
2025-08-15 02:14:08,521 [INFO]    🔄 Активных цен: 54
2025-08-15 02:14:08,522 [INFO]    🎯 Возможностей: 2
2025-08-15 02:14:08,523 [INFO]    🎮 Сделок: 2
2025-08-15 02:14:08,524 [INFO]    💰 Прибыль: $0.14
2025-08-15 02:14:08,524 [INFO]    🏆 Лучшая: 0.082%
2025-08-15 02:14:08,525 [INFO]       ADA/USDT: mexc → okx
2025-08-15 02:14:08,526 [INFO]    📈 Волатильность:
2025-08-15 02:14:08,527 [INFO]       ADA/USDT: 0.10%
2025-08-15 02:14:08,528 [INFO]       DOGE/USDT: 0.06%
2025-08-15 02:14:41,284 [INFO] ------------------------------------------------------------
2025-08-15 02:14:41,285 [INFO] 📊 СТАТУС:
2025-08-15 02:14:41,286 [INFO]    🔄 Активных цен: 54
2025-08-15 02:14:41,287 [INFO]    🎯 Возможностей: 2
2025-08-15 02:14:41,288 [INFO]    🎮 Сделок: 2
2025-08-15 02:14:41,289 [INFO]    💰 Прибыль: $0.14
2025-08-15 02:14:41,290 [INFO]    🏆 Лучшая: 0.082%
2025-08-15 02:14:41,293 [INFO]       ADA/USDT: mexc → okx
2025-08-15 02:14:41,294 [INFO]    📈 Волатильность:
2025-08-15 02:14:41,294 [INFO]       ADA/USDT: 0.12%
2025-08-15 02:14:41,295 [INFO]       DOGE/USDT: 0.06%
2025-08-15 02:15:13,270 [INFO] ------------------------------------------------------------
2025-08-15 02:15:13,271 [INFO] 📊 СТАТУС:
2025-08-15 02:15:13,272 [INFO]    🔄 Активных цен: 54
2025-08-15 02:15:13,273 [INFO]    🎯 Возможностей: 2
2025-08-15 02:15:13,273 [INFO]    🎮 Сделок: 2
2025-08-15 02:15:13,274 [INFO]    💰 Прибыль: $0.14
2025-08-15 02:15:13,275 [INFO]    🏆 Лучшая: 0.082%
2025-08-15 02:15:13,275 [INFO]       ADA/USDT: mexc → okx
2025-08-15 02:15:13,276 [INFO]    📈 Волатильность:
2025-08-15 02:15:13,277 [INFO]       ADA/USDT: 0.15%
2025-08-15 02:15:13,277 [INFO]       DOGE/USDT: 0.06%
2025-08-15 02:15:44,855 [INFO] ------------------------------------------------------------
2025-08-15 02:15:44,856 [INFO] 📊 СТАТУС:
2025-08-15 02:15:44,857 [INFO]    🔄 Активных цен: 54
2025-08-15 02:15:44,858 [INFO]    🎯 Возможностей: 2
2025-08-15 02:15:44,858 [INFO]    🎮 Сделок: 2
2025-08-15 02:15:44,859 [INFO]    💰 Прибыль: $0.14
2025-08-15 02:15:44,859 [INFO]    🏆 Лучшая: 0.082%
2025-08-15 02:15:44,860 [INFO]       ADA/USDT: mexc → okx
2025-08-15 02:15:44,861 [INFO]    📈 Волатильность:
2025-08-15 02:15:44,861 [INFO]       ADA/USDT: 0.10%
2025-08-15 02:15:44,862 [INFO]       ARB/USDT: 0.07%
2025-08-15 02:16:16,447 [INFO] ------------------------------------------------------------
2025-08-15 02:16:16,448 [INFO] 📊 СТАТУС:
2025-08-15 02:16:16,449 [INFO]    🔄 Активных цен: 54
2025-08-15 02:16:16,451 [INFO]    🎯 Возможностей: 2
2025-08-15 02:16:16,452 [INFO]    🎮 Сделок: 2
2025-08-15 02:16:16,453 [INFO]    💰 Прибыль: $0.14
2025-08-15 02:16:16,454 [INFO]    🏆 Лучшая: 0.082%
2025-08-15 02:16:16,455 [INFO]       ADA/USDT: mexc → okx
2025-08-15 02:16:16,456 [INFO]    📈 Волатильность:
2025-08-15 02:16:16,457 [INFO]       ARB/USDT: 0.08%
2025-08-15 02:16:16,458 [INFO]       DOGE/USDT: 0.07%
2025-08-15 02:16:49,477 [INFO] ------------------------------------------------------------
2025-08-15 02:16:49,478 [INFO] 📊 СТАТУС:
2025-08-15 02:16:49,479 [INFO]    🔄 Активных цен: 54
2025-08-15 02:16:49,480 [INFO]    🎯 Возможностей: 2
2025-08-15 02:16:49,481 [INFO]    🎮 Сделок: 2
2025-08-15 02:16:49,482 [INFO]    💰 Прибыль: $0.14
2025-08-15 02:16:49,483 [INFO]    🏆 Лучшая: 0.082%
2025-08-15 02:16:49,485 [INFO]       ADA/USDT: mexc → okx
2025-08-15 02:16:49,486 [INFO]    📈 Волатильность:
2025-08-15 02:16:49,487 [INFO]       DOGE/USDT: 0.07%
2025-08-15 02:16:49,488 [INFO]       ARB/USDT: 0.05%
2025-08-15 02:17:22,259 [INFO] ------------------------------------------------------------
2025-08-15 02:17:22,260 [INFO] 📊 СТАТУС:
2025-08-15 02:17:22,261 [INFO]    🔄 Активных цен: 54
2025-08-15 02:17:22,262 [INFO]    🎯 Возможностей: 2
2025-08-15 02:17:22,262 [INFO]    🎮 Сделок: 2
2025-08-15 02:17:22,263 [INFO]    💰 Прибыль: $0.14
2025-08-15 02:17:22,264 [INFO]    🏆 Лучшая: 0.082%
2025-08-15 02:17:22,265 [INFO]       ADA/USDT: mexc → okx
2025-08-15 02:17:22,265 [INFO]    📈 Волатильность:
2025-08-15 02:17:22,266 [INFO]       DOGE/USDT: 0.07%
2025-08-15 02:17:22,267 [INFO]       GRT/USDT: 0.07%
2025-08-15 02:17:53,294 [INFO] ------------------------------------------------------------
2025-08-15 02:17:53,295 [INFO] 📊 СТАТУС:
2025-08-15 02:17:53,296 [INFO]    🔄 Активных цен: 54
2025-08-15 02:17:53,297 [INFO]    🎯 Возможностей: 2
2025-08-15 02:17:53,297 [INFO]    🎮 Сделок: 2
2025-08-15 02:17:53,298 [INFO]    💰 Прибыль: $0.14
2025-08-15 02:17:53,299 [INFO]    🏆 Лучшая: 0.082%
2025-08-15 02:17:53,301 [INFO]       ADA/USDT: mexc → okx
2025-08-15 02:17:53,302 [INFO]    📈 Волатильность:
2025-08-15 02:17:53,305 [INFO]       GRT/USDT: 0.07%
2025-08-15 02:17:53,306 [INFO]       DOGE/USDT: 0.07%
2025-08-15 02:18:24,597 [INFO] ------------------------------------------------------------
2025-08-15 02:18:24,598 [INFO] 📊 СТАТУС:
2025-08-15 02:18:24,601 [INFO]    🔄 Активных цен: 54
2025-08-15 02:18:24,602 [INFO]    🎯 Возможностей: 2
2025-08-15 02:18:24,603 [INFO]    🎮 Сделок: 2
2025-08-15 02:18:24,604 [INFO]    💰 Прибыль: $0.14
2025-08-15 02:18:24,608 [INFO]    🏆 Лучшая: 0.082%
2025-08-15 02:18:24,609 [INFO]       ADA/USDT: mexc → okx
2025-08-15 02:18:24,610 [INFO]    📈 Волатильность:
2025-08-15 02:18:24,611 [INFO]       DOGE/USDT: 0.07%
2025-08-15 02:18:24,612 [INFO]       UNI/USDT: 0.04%
2025-08-15 02:18:56,003 [INFO] ------------------------------------------------------------
2025-08-15 02:18:56,004 [INFO] 📊 СТАТУС:
2025-08-15 02:18:56,005 [INFO]    🔄 Активных цен: 54
2025-08-15 02:18:56,006 [INFO]    🎯 Возможностей: 2
2025-08-15 02:18:56,007 [INFO]    🎮 Сделок: 2
2025-08-15 02:18:56,007 [INFO]    💰 Прибыль: $0.14
2025-08-15 02:18:56,008 [INFO]    🏆 Лучшая: 0.082%
2025-08-15 02:18:56,009 [INFO]       ADA/USDT: mexc → okx
2025-08-15 02:18:56,010 [INFO]    📈 Волатильность:
2025-08-15 02:18:56,011 [INFO]       DOGE/USDT: 0.07%
2025-08-15 02:18:56,012 [INFO]       LINK/USDT: 0.04%
2025-08-15 02:19:28,277 [INFO] ------------------------------------------------------------
2025-08-15 02:19:28,278 [INFO] 📊 СТАТУС:
2025-08-15 02:19:28,279 [INFO]    🔄 Активных цен: 54
2025-08-15 02:19:28,280 [INFO]    🎯 Возможностей: 2
2025-08-15 02:19:28,281 [INFO]    🎮 Сделок: 2
2025-08-15 02:19:28,282 [INFO]    💰 Прибыль: $0.14
2025-08-15 02:19:28,283 [INFO]    🏆 Лучшая: 0.082%
2025-08-15 02:19:28,284 [INFO]       ADA/USDT: mexc → okx
2025-08-15 02:19:28,285 [INFO]    📈 Волатильность:
2025-08-15 02:19:28,286 [INFO]       DOGE/USDT: 0.07%
2025-08-15 02:19:28,286 [INFO]       LINK/USDT: 0.07%
2025-08-15 02:20:01,335 [INFO] ------------------------------------------------------------
2025-08-15 02:20:01,336 [INFO] 📊 СТАТУС:
2025-08-15 02:20:01,336 [INFO]    🔄 Активных цен: 54
2025-08-15 02:20:01,337 [INFO]    🎯 Возможностей: 2
2025-08-15 02:20:01,338 [INFO]    🎮 Сделок: 2
2025-08-15 02:20:01,339 [INFO]    💰 Прибыль: $0.14
2025-08-15 02:20:01,340 [INFO]    🏆 Лучшая: 0.082%
2025-08-15 02:20:01,340 [INFO]       ADA/USDT: mexc → okx
2025-08-15 02:20:01,341 [INFO]    📈 Волатильность:
2025-08-15 02:20:01,342 [INFO]       LINK/USDT: 0.08%
2025-08-15 02:20:01,343 [INFO]       DOGE/USDT: 0.08%
2025-08-15 02:20:34,074 [INFO] ------------------------------------------------------------
2025-08-15 02:20:34,076 [INFO] 📊 СТАТУС:
2025-08-15 02:20:34,077 [INFO]    🔄 Активных цен: 54
2025-08-15 02:20:34,077 [INFO]    🎯 Возможностей: 2
2025-08-15 02:20:34,079 [INFO]    🎮 Сделок: 2
2025-08-15 02:20:34,080 [INFO]    💰 Прибыль: $0.14
2025-08-15 02:20:34,081 [INFO]    🏆 Лучшая: 0.082%
2025-08-15 02:20:34,082 [INFO]       ADA/USDT: mexc → okx
2025-08-15 02:20:34,083 [INFO]    📈 Волатильность:
2025-08-15 02:20:34,084 [INFO]       DOGE/USDT: 0.07%
2025-08-15 02:20:34,084 [INFO]       GRT/USDT: 0.07%
2025-08-15 02:21:05,404 [INFO] ------------------------------------------------------------
2025-08-15 02:21:05,405 [INFO] 📊 СТАТУС:
2025-08-15 02:21:05,406 [INFO]    🔄 Активных цен: 54
2025-08-15 02:21:05,407 [INFO]    🎯 Возможностей: 2
2025-08-15 02:21:05,407 [INFO]    🎮 Сделок: 2
2025-08-15 02:21:05,408 [INFO]    💰 Прибыль: $0.14
2025-08-15 02:21:05,409 [INFO]    🏆 Лучшая: 0.082%
2025-08-15 02:21:05,410 [INFO]       ADA/USDT: mexc → okx
2025-08-15 02:21:05,411 [INFO]    📈 Волатильность:
2025-08-15 02:21:05,412 [INFO]       DOGE/USDT: 0.07%
2025-08-15 02:21:05,413 [INFO]       ARB/USDT: 0.05%
2025-08-15 02:21:19,034 [INFO] ============================================================
2025-08-15 02:21:19,035 [INFO] 🎯 АРБИТРАЖ: DOGE/USDT
2025-08-15 02:21:19,036 [INFO]    📊 MEXC → KUCOIN
2025-08-15 02:21:19,037 [INFO]    💹 Спред: 0.152%
2025-08-15 02:21:19,038 [INFO]    💸 Комиссии: 0.000% + 0.100%
2025-08-15 02:21:19,039 [INFO]    💰 Прибыль: 0.052%
2025-08-15 02:21:19,040 [INFO]    📈 Объем: $151,543,184
2025-08-15 02:21:19,041 [INFO]    🔧 Режим: REAL
2025-08-15 02:21:19,042 [INFO]    🎮 СИМУЛЯЦИЯ:
2025-08-15 02:21:19,043 [INFO]       Покупка: 448.3702 @ $0.22
2025-08-15 02:21:19,044 [INFO]       Продажа: 448.3702 @ $0.22
2025-08-15 02:21:19,044 [INFO]    ✅ Прибыль: $0.05
2025-08-15 02:21:37,252 [INFO] ------------------------------------------------------------
2025-08-15 02:21:37,253 [INFO] 📊 СТАТУС:
2025-08-15 02:21:37,255 [INFO]    🔄 Активных цен: 54
2025-08-15 02:21:37,255 [INFO]    🎯 Возможностей: 3
2025-08-15 02:21:37,257 [INFO]    🎮 Сделок: 3
2025-08-15 02:21:37,258 [INFO]    💰 Прибыль: $0.19
2025-08-15 02:21:37,259 [INFO]    🏆 Лучшая: 0.082%
2025-08-15 02:21:37,260 [INFO]       ADA/USDT: mexc → okx
2025-08-15 02:21:37,261 [INFO]    📈 Волатильность:
2025-08-15 02:21:37,262 [INFO]       DOGE/USDT: 0.07%
2025-08-15 02:21:37,263 [INFO]       ADA/USDT: 0.06%
2025-08-15 02:22:08,284 [INFO] ------------------------------------------------------------
2025-08-15 02:22:08,285 [INFO] 📊 СТАТУС:
2025-08-15 02:22:08,286 [INFO]    🔄 Активных цен: 54
2025-08-15 02:22:08,287 [INFO]    🎯 Возможностей: 3
2025-08-15 02:22:08,288 [INFO]    🎮 Сделок: 3
2025-08-15 02:22:08,289 [INFO]    💰 Прибыль: $0.19
2025-08-15 02:22:08,290 [INFO]    🏆 Лучшая: 0.082%
2025-08-15 02:22:08,291 [INFO]       ADA/USDT: mexc → okx
2025-08-15 02:22:08,292 [INFO]    📈 Волатильность:
2025-08-15 02:22:08,293 [INFO]       DOGE/USDT: 0.07%
2025-08-15 02:22:08,293 [INFO]       LINK/USDT: 0.05%
2025-08-15 02:22:39,558 [INFO] ------------------------------------------------------------
2025-08-15 02:22:39,559 [INFO] 📊 СТАТУС:
2025-08-15 02:22:39,560 [INFO]    🔄 Активных цен: 54
2025-08-15 02:22:39,561 [INFO]    🎯 Возможностей: 3
2025-08-15 02:22:39,562 [INFO]    🎮 Сделок: 3
2025-08-15 02:22:39,563 [INFO]    💰 Прибыль: $0.19
2025-08-15 02:22:39,564 [INFO]    🏆 Лучшая: 0.082%
2025-08-15 02:22:39,565 [INFO]       ADA/USDT: mexc → okx
2025-08-15 02:22:39,566 [INFO]    📈 Волатильность:
2025-08-15 02:22:39,567 [INFO]       DOGE/USDT: 0.07%
2025-08-15 02:22:39,568 [INFO]       ARB/USDT: 0.05%
2025-08-15 02:23:12,520 [INFO] ------------------------------------------------------------
2025-08-15 02:23:12,521 [INFO] 📊 СТАТУС:
2025-08-15 02:23:12,522 [INFO]    🔄 Активных цен: 54
2025-08-15 02:23:12,523 [INFO]    🎯 Возможностей: 3
2025-08-15 02:23:12,524 [INFO]    🎮 Сделок: 3
2025-08-15 02:23:12,524 [INFO]    💰 Прибыль: $0.19
2025-08-15 02:23:12,525 [INFO]    🏆 Лучшая: 0.082%
2025-08-15 02:23:12,526 [INFO]       ADA/USDT: mexc → okx
2025-08-15 02:23:12,527 [INFO]    📈 Волатильность:
2025-08-15 02:23:12,528 [INFO]       DOGE/USDT: 0.07%
2025-08-15 02:23:12,529 [INFO]       GRT/USDT: 0.05%
2025-08-15 02:23:45,430 [INFO] ------------------------------------------------------------
2025-08-15 02:23:45,440 [INFO] 📊 СТАТУС:
2025-08-15 02:23:45,443 [INFO]    🔄 Активных цен: 54
2025-08-15 02:23:45,444 [INFO]    🎯 Возможностей: 3
2025-08-15 02:23:45,446 [INFO]    🎮 Сделок: 3
2025-08-15 02:23:45,447 [INFO]    💰 Прибыль: $0.19
2025-08-15 02:23:45,449 [INFO]    🏆 Лучшая: 0.082%
2025-08-15 02:23:45,450 [INFO]       ADA/USDT: mexc → okx
2025-08-15 02:23:45,451 [INFO]    📈 Волатильность:
2025-08-15 02:23:45,453 [INFO]       DOGE/USDT: 0.07%
2025-08-15 02:23:45,458 [INFO]       ADA/USDT: 0.06%
2025-08-15 02:24:16,921 [INFO] ------------------------------------------------------------
2025-08-15 02:24:16,928 [INFO] 📊 СТАТУС:
2025-08-15 02:24:16,930 [INFO]    🔄 Активных цен: 54
2025-08-15 02:24:16,931 [INFO]    🎯 Возможностей: 3
2025-08-15 02:24:16,932 [INFO]    🎮 Сделок: 3
2025-08-15 02:24:16,933 [INFO]    💰 Прибыль: $0.19
2025-08-15 02:24:16,934 [INFO]    🏆 Лучшая: 0.082%
2025-08-15 02:24:16,935 [INFO]       ADA/USDT: mexc → okx
2025-08-15 02:24:16,936 [INFO]    📈 Волатильность:
2025-08-15 02:24:16,937 [INFO]       DOGE/USDT: 0.07%
2025-08-15 02:24:16,938 [INFO]       ADA/USDT: 0.07%
2025-08-15 02:24:48,363 [INFO] ------------------------------------------------------------
2025-08-15 02:24:48,364 [INFO] 📊 СТАТУС:
2025-08-15 02:24:48,364 [INFO]    🔄 Активных цен: 54
2025-08-15 02:24:48,365 [INFO]    🎯 Возможностей: 3
2025-08-15 02:24:48,366 [INFO]    🎮 Сделок: 3
2025-08-15 02:24:48,367 [INFO]    💰 Прибыль: $0.19
2025-08-15 02:24:48,368 [INFO]    🏆 Лучшая: 0.082%
2025-08-15 02:24:48,368 [INFO]       ADA/USDT: mexc → okx
2025-08-15 02:24:48,369 [INFO]    📈 Волатильность:
2025-08-15 02:24:48,370 [INFO]       DOGE/USDT: 0.07%
2025-08-15 02:24:48,371 [INFO]       ADA/USDT: 0.06%
2025-08-15 02:25:19,757 [INFO] ------------------------------------------------------------
2025-08-15 02:25:19,765 [INFO] 📊 СТАТУС:
2025-08-15 02:25:19,769 [INFO]    🔄 Активных цен: 54
2025-08-15 02:25:19,769 [INFO]    🎯 Возможностей: 3
2025-08-15 02:25:19,770 [INFO]    🎮 Сделок: 3
2025-08-15 02:25:19,771 [INFO]    💰 Прибыль: $0.19
2025-08-15 02:25:19,771 [INFO]    🏆 Лучшая: 0.082%
2025-08-15 02:25:19,772 [INFO]       ADA/USDT: mexc → okx
2025-08-15 02:25:19,772 [INFO]    📈 Волатильность:
2025-08-15 02:25:19,779 [INFO]       ARB/USDT: 0.09%
2025-08-15 02:25:19,779 [INFO]       DOGE/USDT: 0.07%
2025-08-15 02:25:51,275 [INFO] ------------------------------------------------------------
2025-08-15 02:25:51,315 [INFO] 📊 СТАТУС:
2025-08-15 02:25:51,347 [INFO]    🔄 Активных цен: 54
2025-08-15 02:25:51,378 [INFO]    🎯 Возможностей: 3
2025-08-15 02:25:51,409 [INFO]    🎮 Сделок: 3
2025-08-15 02:25:51,410 [INFO]    💰 Прибыль: $0.19
2025-08-15 02:25:51,411 [INFO]    🏆 Лучшая: 0.082%
2025-08-15 02:25:51,412 [INFO]       ADA/USDT: mexc → okx
2025-08-15 02:25:51,413 [INFO]    📈 Волатильность:
2025-08-15 02:25:51,414 [INFO]       ARB/USDT: 0.12%
2025-08-15 02:25:51,415 [INFO]       LINK/USDT: 0.09%
2025-08-15 02:26:24,035 [INFO] ------------------------------------------------------------
2025-08-15 02:26:24,037 [INFO] 📊 СТАТУС:
2025-08-15 02:26:24,037 [INFO]    🔄 Активных цен: 54
2025-08-15 02:26:24,039 [INFO]    🎯 Возможностей: 3
2025-08-15 02:26:24,040 [INFO]    🎮 Сделок: 3
2025-08-15 02:26:24,041 [INFO]    💰 Прибыль: $0.19
2025-08-15 02:26:24,042 [INFO]    🏆 Лучшая: 0.082%
2025-08-15 02:26:24,042 [INFO]       ADA/USDT: mexc → okx
2025-08-15 02:26:24,043 [INFO]    📈 Волатильность:
2025-08-15 02:26:24,044 [INFO]       ARB/USDT: 0.11%
2025-08-15 02:26:24,045 [INFO]       DOGE/USDT: 0.08%
2025-08-15 02:26:57,074 [INFO] ------------------------------------------------------------
2025-08-15 02:26:57,080 [INFO] 📊 СТАТУС:
2025-08-15 02:26:57,082 [INFO]    🔄 Активных цен: 54
2025-08-15 02:26:57,083 [INFO]    🎯 Возможностей: 3
2025-08-15 02:26:57,084 [INFO]    🎮 Сделок: 3
2025-08-15 02:26:57,085 [INFO]    💰 Прибыль: $0.19
2025-08-15 02:26:57,086 [INFO]    🏆 Лучшая: 0.082%
2025-08-15 02:26:57,086 [INFO]       ADA/USDT: mexc → okx
2025-08-15 02:26:57,087 [INFO]    📈 Волатильность:
2025-08-15 02:26:57,088 [INFO]       ADA/USDT: 0.08%
2025-08-15 02:26:57,089 [INFO]       DOGE/USDT: 0.08%
2025-08-15 02:27:28,413 [INFO] ------------------------------------------------------------
2025-08-15 02:27:28,414 [INFO] 📊 СТАТУС:
2025-08-15 02:27:28,415 [INFO]    🔄 Активных цен: 54
2025-08-15 02:27:28,416 [INFO]    🎯 Возможностей: 3
2025-08-15 02:27:28,416 [INFO]    🎮 Сделок: 3
2025-08-15 02:27:28,417 [INFO]    💰 Прибыль: $0.19
2025-08-15 02:27:28,418 [INFO]    🏆 Лучшая: 0.082%
2025-08-15 02:27:28,418 [INFO]       ADA/USDT: mexc → okx
2025-08-15 02:27:28,419 [INFO]    📈 Волатильность:
2025-08-15 02:27:28,420 [INFO]       ADA/USDT: 0.10%
2025-08-15 02:27:28,421 [INFO]       DOGE/USDT: 0.07%
2025-08-15 02:27:59,555 [INFO] ------------------------------------------------------------
2025-08-15 02:27:59,556 [INFO] 📊 СТАТУС:
2025-08-15 02:27:59,557 [INFO]    🔄 Активных цен: 54
2025-08-15 02:27:59,558 [INFO]    🎯 Возможностей: 3
2025-08-15 02:27:59,558 [INFO]    🎮 Сделок: 3
2025-08-15 02:27:59,559 [INFO]    💰 Прибыль: $0.19
2025-08-15 02:27:59,560 [INFO]    🏆 Лучшая: 0.082%
2025-08-15 02:27:59,561 [INFO]       ADA/USDT: mexc → okx
2025-08-15 02:27:59,562 [INFO]    📈 Волатильность:
2025-08-15 02:27:59,563 [INFO]       ADA/USDT: 0.09%
2025-08-15 02:27:59,564 [INFO]       LINK/USDT: 0.07%
2025-08-15 02:28:36,032 [INFO] ------------------------------------------------------------
2025-08-15 02:28:36,070 [INFO] 📊 СТАТУС:
2025-08-15 02:28:36,107 [INFO]    🔄 Активных цен: 54
2025-08-15 02:28:36,148 [INFO]    🎯 Возможностей: 3
2025-08-15 02:28:36,162 [INFO]    🎮 Сделок: 3
2025-08-15 02:28:36,191 [INFO]    💰 Прибыль: $0.19
2025-08-15 02:28:36,220 [INFO]    🏆 Лучшая: 0.082%
2025-08-15 02:28:36,241 [INFO]       ADA/USDT: mexc → okx
2025-08-15 02:28:36,242 [INFO]    📈 Волатильность:
2025-08-15 02:28:36,246 [INFO]       ADA/USDT: 0.07%
2025-08-15 02:28:36,247 [INFO]       DOGE/USDT: 0.06%
2025-08-15 02:29:08,888 [INFO] ------------------------------------------------------------
2025-08-15 02:29:08,891 [INFO] 📊 СТАТУС:
2025-08-15 02:29:08,894 [INFO]    🔄 Активных цен: 54
2025-08-15 02:29:08,895 [INFO]    🎯 Возможностей: 3
2025-08-15 02:29:08,896 [INFO]    🎮 Сделок: 3
2025-08-15 02:29:08,897 [INFO]    💰 Прибыль: $0.19
2025-08-15 02:29:08,898 [INFO]    🏆 Лучшая: 0.082%
2025-08-15 02:29:08,899 [INFO]       ADA/USDT: mexc → okx
2025-08-15 02:29:08,900 [INFO]    📈 Волатильность:
2025-08-15 02:29:08,900 [INFO]       ADA/USDT: 0.07%
2025-08-15 02:29:08,902 [INFO]       DOGE/USDT: 0.06%
2025-08-15 02:29:42,076 [INFO] ------------------------------------------------------------
2025-08-15 02:29:42,077 [INFO] 📊 СТАТУС:
2025-08-15 02:29:42,078 [INFO]    🔄 Активных цен: 54
2025-08-15 02:29:42,079 [INFO]    🎯 Возможностей: 3
2025-08-15 02:29:42,080 [INFO]    🎮 Сделок: 3
2025-08-15 02:29:42,080 [INFO]    💰 Прибыль: $0.19
2025-08-15 02:29:42,081 [INFO]    🏆 Лучшая: 0.082%
2025-08-15 02:29:42,082 [INFO]       ADA/USDT: mexc → okx
2025-08-15 02:29:42,083 [INFO]    📈 Волатильность:
2025-08-15 02:29:42,084 [INFO]       DOGE/USDT: 0.07%
2025-08-15 02:29:42,084 [INFO]       ADA/USDT: 0.05%
2025-08-15 02:29:57,358 [INFO] 
============================================================
2025-08-15 02:29:57,359 [INFO] 📈 ИТОГИ:
2025-08-15 02:29:57,360 [INFO]    🎯 Возможностей: 3
2025-08-15 02:29:57,361 [INFO]    🎮 Сделок: 3
2025-08-15 02:29:57,362 [INFO]    💰 Прибыль: $0.19
2025-08-15 02:29:57,362 [INFO]    📊 Средняя: $0.06
2025-08-15 02:29:57,363 [INFO]    🏆 Лучшая: 0.082%
2025-08-15 02:29:57,364 [INFO] ============================================================
