
============================================================
๐ MEGA ARBITRAGE BOT STARTED
============================================================
๐ ะะตะถะฑะธัะถะตะฒะพะน: 120 ะผะพะฝะตั
๐ ะขัะตัะณะพะปัะฝัะน: 150 ะผะพะฝะตั (ะฒัะตะณะพ)
๐ฆ ะะธัะถะธ: mexc, binance, okx
๐ ะขัะตัะณะพะปัะฝัั ัะตะฟะพัะตะบ: 11
๐พ ะะฒัะพัะพััะฐะฝะตะฝะธะต: ะบะฐะถะดัะต 10 ะผะธะฝัั
============================================================
[tri] mexc: ะพััััััะฒััั ะฟะฐัั ะดะปั ัะตะฟะพัะบะธ USDTโBTCโBNB: BNBBTC
[tri] mexc: ะพััััััะฒััั ะฟะฐัั ะดะปั ัะตะฟะพัะบะธ USDTโETHโBNB: BNBETH
[tri] mexc: ะพััััััะฒััั ะฟะฐัั ะดะปั ัะตะฟะพัะบะธ USDTโETHโSOL: SOLETH
[tri] mexc: ะพััััััะฒััั ะฟะฐัั ะดะปั ัะตะฟะพัะบะธ USDTโETHโMATIC: MATICETH, MATICUSDT
[tri] mexc: ะพััััััะฒััั ะฟะฐัั ะดะปั ัะตะฟะพัะบะธ USDTโBTCโDOGE: DOGEBTC
[tri] mexc: ะพััััััะฒััั ะฟะฐัั ะดะปั ัะตะฟะพัะบะธ USDTโBTCโSHIB: SHIBBTC
[tri] mexc: ะพััััััะฒััั ะฟะฐัั ะดะปั ัะตะฟะพัะบะธ USDTโETHโPEPE: PEPEETH
[tri] binance: ะพััััััะฒััั ะฟะฐัั ะดะปั ัะตะฟะพัะบะธ USDTโBTCโSHIB: SHIBBTC
[tri] binance: ะพััััััะฒััั ะฟะฐัั ะดะปั ัะตะฟะพัะบะธ USDTโETHโPEPE: PEPEETH
[tri] okx: ะพััััััะฒััั ะฟะฐัั ะดะปั ัะตะฟะพัะบะธ USDTโBTCโBNB: BNBBTC

๐ ะกะบะฐะฝ #10: ะะตะถะฑะธัะถ=0, ะขัะตัะณะพะปัะฝัะน=0

๐ ะกะบะฐะฝ #20: ะะตะถะฑะธัะถ=0, ะขัะตัะณะพะปัะฝัะน=0

๐ ะกะบะฐะฝ #30: ะะตะถะฑะธัะถ=0, ะขัะตัะณะพะปัะฝัะน=0

๐ ะกะบะฐะฝ #40: ะะตะถะฑะธัะถ=0, ะขัะตัะณะพะปัะฝัะน=0

๐ ะกะบะฐะฝ #50: ะะตะถะฑะธัะถ=0, ะขัะตัะณะพะปัะฝัะน=0

๐ฅ ะะะะะะะะะะะ ะะะะะขะะะ!
   MASKUSDT: binanceโmexc
   ะงะธััะฐั ะฟัะธะฑัะปั: 1.0623%

๐ ะกะบะฐะฝ #60: ะะตะถะฑะธัะถ=1, ะขัะตัะณะพะปัะฝัะน=0

๐ ะกะบะฐะฝ #70: ะะตะถะฑะธัะถ=1, ะขัะตัะณะพะปัะฝัะน=0

๐ ะกะบะฐะฝ #80: ะะตะถะฑะธัะถ=1, ะขัะตัะณะพะปัะฝัะน=0

๐ ะกะบะฐะฝ #90: ะะตะถะฑะธัะถ=1, ะขัะตัะณะพะปัะฝัะน=0

๐ ะกะบะฐะฝ #100: ะะตะถะฑะธัะถ=1, ะขัะตัะณะพะปัะฝัะน=0

๐ ะกะบะฐะฝ #110: ะะตะถะฑะธัะถ=1, ะขัะตัะณะพะปัะฝัะน=0

๐ ะกะบะฐะฝ #120: ะะตะถะฑะธัะถ=1, ะขัะตัะณะพะปัะฝัะน=0

๐ ะกะบะฐะฝ #130: ะะตะถะฑะธัะถ=1, ะขัะตัะณะพะปัะฝัะน=0

๐ ะกะบะฐะฝ #140: ะะตะถะฑะธัะถ=1, ะขัะตัะณะพะปัะฝัะน=0

๐ ะกะบะฐะฝ #150: ะะตะถะฑะธัะถ=1, ะขัะตัะณะพะปัะฝัะน=0

๐ ะกะบะฐะฝ #160: ะะตะถะฑะธัะถ=1, ะขัะตัะณะพะปัะฝัะน=0

๐ ะกะบะฐะฝ #170: ะะตะถะฑะธัะถ=1, ะขัะตัะณะพะปัะฝัะน=0

๐ ะกะบะฐะฝ #180: ะะตะถะฑะธัะถ=1, ะขัะตัะณะพะปัะฝัะน=0

๐ ะกะบะฐะฝ #190: ะะตะถะฑะธัะถ=1, ะขัะตัะณะพะปัะฝัะน=0

๐ ะกะบะฐะฝ #200: ะะตะถะฑะธัะถ=1, ะขัะตัะณะพะปัะฝัะน=0

๐ ะกะบะฐะฝ #210: ะะตะถะฑะธัะถ=1, ะขัะตัะณะพะปัะฝัะน=0

๐ ะกะบะฐะฝ #220: ะะตะถะฑะธัะถ=1, ะขัะตัะณะพะปัะฝัะน=0
๐พ ะะตะถะฑะธัะถะตะฒะพะน ะฐัะฑะธััะฐะถ ัะพััะฐะฝะตะฝ: data/inter_exchange_20250813_011451.csv
๐พ ะกัะฐัะธััะธะบะฐ ัะพััะฐะฝะตะฝะฐ: data/statistics_20250813_011451.csv

๐ ะกะบะฐะฝ #230: ะะตะถะฑะธัะถ=1, ะขัะตัะณะพะปัะฝัะน=0

๐ ะกะบะฐะฝ #240: ะะตะถะฑะธัะถ=1, ะขัะตัะณะพะปัะฝัะน=0

๐ ะกะบะฐะฝ #250: ะะตะถะฑะธัะถ=1, ะขัะตัะณะพะปัะฝัะน=0

๐ ะกะบะฐะฝ #260: ะะตะถะฑะธัะถ=1, ะขัะตัะณะพะปัะฝัะน=0

๐ ะกะบะฐะฝ #270: ะะตะถะฑะธัะถ=1, ะขัะตัะณะพะปัะฝัะน=0

๐ ะกะบะฐะฝ #280: ะะตะถะฑะธัะถ=1, ะขัะตัะณะพะปัะฝัะน=0

๐ ะกะบะฐะฝ #290: ะะตะถะฑะธัะถ=1, ะขัะตัะณะพะปัะฝัะน=0

๐ฅ ะะะะะะะะะะะ ะะะะะขะะะ!
   AAVEUSDT: mexcโbinance
   ะงะธััะฐั ะฟัะธะฑัะปั: 0.0059%

๐ ะกะบะฐะฝ #300: ะะตะถะฑะธัะถ=2, ะขัะตัะณะพะปัะฝัะน=0

๐ ะกะบะฐะฝ #310: ะะตะถะฑะธัะถ=2, ะขัะตัะณะพะปัะฝัะน=0

๐ ะกะบะฐะฝ #320: ะะตะถะฑะธัะถ=2, ะขัะตัะณะพะปัะฝัะน=0

๐ ะกะบะฐะฝ #330: ะะตะถะฑะธัะถ=2, ะขัะตัะณะพะปัะฝัะน=0

๐ ะกะบะฐะฝ #340: ะะตะถะฑะธัะถ=2, ะขัะตัะณะพะปัะฝัะน=0

๐ ะกะบะฐะฝ #350: ะะตะถะฑะธัะถ=2, ะขัะตัะณะพะปัะฝัะน=0

๐ฅ ะะะะะะะะะะะ ะะะะะขะะะ!
   SNXUSDT: mexcโokx
   ะงะธััะฐั ะฟัะธะฑัะปั: 0.005%

๐ฅ ะะะะะะะะะะะ ะะะะะขะะะ!
   SNXUSDT: mexcโokx
   ะงะธััะฐั ะฟัะธะฑัะปั: 0.0342%

๐ ะกะบะฐะฝ #360: ะะตะถะฑะธัะถ=4, ะขัะตัะณะพะปัะฝัะน=0

๐ ะกะบะฐะฝ #370: ะะตะถะฑะธัะถ=4, ะขัะตัะณะพะปัะฝัะน=0
