2025-08-15 01:56:59,416 [INFO] ============================================================
2025-08-15 01:56:59,418 [INFO] PRODUCTION ARBITRAGE BOT - ИНИЦИАЛИЗАЦИЯ
2025-08-15 01:56:59,425 [INFO] ============================================================
2025-08-15 01:57:13,752 [INFO] ✅ MEXC: Подключен | Баланс: $0.00
2025-08-15 01:57:13,753 [WARNING] ⚠️  OKX: API ключи отсутствуют
2025-08-15 01:57:13,754 [WARNING] ⚠️  KUCOIN: API ключи отсутствуют
2025-08-15 01:57:13,755 [INFO] 
📊 Активных бирж: 1
2025-08-15 01:57:13,759 [INFO] 💰 Общий баланс: $0.00
2025-08-15 01:57:13,760 [INFO] ⚙️  Режим: MAKER ордера
2025-08-15 01:57:13,761 [INFO] 📈 Мин. прибыль: 0.1%
2025-08-15 01:57:13,763 [INFO] 💵 Размер позиции: $100
2025-08-15 01:57:13,764 [INFO] 
============================================================
2025-08-15 01:57:13,765 [INFO] 🚀 ЗАПУСК ТОРГОВЛИ
2025-08-15 01:57:13,766 [INFO] ============================================================
2025-08-15 01:57:15,674 [INFO] ----------------------------------------
2025-08-15 01:57:15,675 [INFO] 📊 СТАТУС:
2025-08-15 01:57:15,676 [INFO]    Активных цен: 12
2025-08-15 01:57:15,677 [INFO]    Найдено возможностей: 0
2025-08-15 01:57:15,678 [INFO]    Исполнено сделок: 0/0
2025-08-15 01:57:15,679 [INFO]    Общая прибыль: $0.00
2025-08-15 01:57:45,948 [INFO] ----------------------------------------
2025-08-15 01:57:45,949 [INFO] 📊 СТАТУС:
2025-08-15 01:57:45,950 [INFO]    Активных цен: 12
2025-08-15 01:57:45,952 [INFO]    Найдено возможностей: 0
2025-08-15 01:57:45,953 [INFO]    Исполнено сделок: 0/0
2025-08-15 01:57:45,954 [INFO]    Общая прибыль: $0.00
2025-08-15 01:58:17,352 [INFO] ----------------------------------------
2025-08-15 01:58:17,353 [INFO] 📊 СТАТУС:
2025-08-15 01:58:17,354 [INFO]    Активных цен: 12
2025-08-15 01:58:17,355 [INFO]    Найдено возможностей: 0
2025-08-15 01:58:17,356 [INFO]    Исполнено сделок: 0/0
2025-08-15 01:58:17,357 [INFO]    Общая прибыль: $0.00
2025-08-15 01:58:47,940 [INFO] ----------------------------------------
2025-08-15 01:58:47,941 [INFO] 📊 СТАТУС:
2025-08-15 01:58:47,942 [INFO]    Активных цен: 12
2025-08-15 01:58:47,943 [INFO]    Найдено возможностей: 0
2025-08-15 01:58:47,944 [INFO]    Исполнено сделок: 0/0
2025-08-15 01:58:47,945 [INFO]    Общая прибыль: $0.00
2025-08-15 01:59:19,149 [INFO] ----------------------------------------
2025-08-15 01:59:19,150 [INFO] 📊 СТАТУС:
2025-08-15 01:59:19,151 [INFO]    Активных цен: 12
2025-08-15 01:59:19,152 [INFO]    Найдено возможностей: 0
2025-08-15 01:59:19,153 [INFO]    Исполнено сделок: 0/0
2025-08-15 01:59:19,154 [INFO]    Общая прибыль: $0.00
2025-08-15 01:59:49,871 [INFO] ----------------------------------------
2025-08-15 01:59:49,872 [INFO] 📊 СТАТУС:
2025-08-15 01:59:49,873 [INFO]    Активных цен: 12
2025-08-15 01:59:49,874 [INFO]    Найдено возможностей: 0
2025-08-15 01:59:49,876 [INFO]    Исполнено сделок: 0/0
2025-08-15 01:59:49,877 [INFO]    Общая прибыль: $0.00
2025-08-15 02:00:21,623 [INFO] ----------------------------------------
2025-08-15 02:00:21,624 [INFO] 📊 СТАТУС:
2025-08-15 02:00:21,625 [INFO]    Активных цен: 12
2025-08-15 02:00:21,627 [INFO]    Найдено возможностей: 0
2025-08-15 02:00:21,628 [INFO]    Исполнено сделок: 0/0
2025-08-15 02:00:21,630 [INFO]    Общая прибыль: $0.00
2025-08-15 02:00:53,703 [INFO] ----------------------------------------
2025-08-15 02:00:53,704 [INFO] 📊 СТАТУС:
2025-08-15 02:00:53,705 [INFO]    Активных цен: 12
2025-08-15 02:00:53,706 [INFO]    Найдено возможностей: 0
2025-08-15 02:00:53,707 [INFO]    Исполнено сделок: 0/0
2025-08-15 02:00:53,708 [INFO]    Общая прибыль: $0.00
2025-08-15 02:01:23,918 [INFO] ----------------------------------------
2025-08-15 02:01:23,919 [INFO] 📊 СТАТУС:
2025-08-15 02:01:23,920 [INFO]    Активных цен: 12
2025-08-15 02:01:23,921 [INFO]    Найдено возможностей: 0
2025-08-15 02:01:23,922 [INFO]    Исполнено сделок: 0/0
2025-08-15 02:01:23,923 [INFO]    Общая прибыль: $0.00
2025-08-15 06:41:12,314 | INFO     | ProductionBot | ============================================================
2025-08-15 06:41:12,316 | INFO     | ProductionBot | 🚀 ЗАПУСК PRODUCTION ARBITRAGE BOT v1.0.0
2025-08-15 06:41:12,317 | INFO     | ProductionBot | 📅 Время: 2025-08-15 06:41:12
2025-08-15 06:41:12,318 | INFO     | ProductionBot | 💼 Режим: DEMO
2025-08-15 06:41:12,318 | INFO     | ProductionBot | 💰 Мин. прибыль: 0.15%
2025-08-15 06:41:12,320 | INFO     | ProductionBot | ============================================================
2025-08-15 06:41:12,321 | INFO     | ProductionBot | 🔧 Инициализация...
2025-08-15 06:41:12,324 | INFO     | ProductionBot | 🔍 Поиск торговых пар...
2025-08-15 06:41:14,392 | INFO     | ProductionBot | ✅ MEXC: 0 пар
2025-08-15 06:41:15,808 | ERROR    | ProductionBot | Ошибка получения пар bybit: 403, message='Attempt to decode JSON with unexpected mimetype: text/html', url='https://api.bybit.com/v5/market/instruments-info?category=spot'
2025-08-15 06:41:15,809 | INFO     | ProductionBot | ✅ Bybit: 0 пар
2025-08-15 06:41:16,839 | INFO     | ProductionBot | ✅ Huobi: 100 пар
2025-08-15 06:41:16,841 | INFO     | ProductionBot | 📊 Найдено 0 активных пар для арбитража
2025-08-15 06:41:16,842 | INFO     | ProductionBot | ✅ Инициализация завершена. Активных пар: 0
2025-08-15 06:41:16,843 | INFO     | TradingEngine | 🚀 Запуск торгового движка
2025-08-15 06:41:16,845 | INFO     | TradingEngine | Инициализация клиента MEXC
2025-08-15 06:41:16,846 | INFO     | TradingEngine | Инициализация клиента Bybit
2025-08-15 06:41:16,846 | INFO     | TradingEngine | Инициализация клиента Huobi
2025-08-15 06:41:16,847 | INFO     | TradingEngine | ✅ Балансы обновлены
2025-08-15 06:41:16,849 | ERROR    | TradingEngine | Ошибка мониторинга рисков: 'stop_loss'
2025-08-15 06:41:16,849 | INFO     | WSManager    | 🚀 Запуск WebSocket для 0 символов
2025-08-15 06:41:16,850 | INFO     | ProductionBot | 🔍 Запуск сканера арбитража...
2025-08-15 06:41:16,851 | INFO     | ProductionBot | 💼 Запуск исполнителя сделок...
2025-08-15 06:41:16,852 | INFO     | WSManager    | 🔌 Подключение к MEXC WebSocket...
2025-08-15 06:41:16,939 | INFO     | WSManager    | 🔌 Подключение к Bybit WebSocket...
2025-08-15 06:41:16,941 | INFO     | WSManager    | 🔌 Подключение к Huobi WebSocket...
2025-08-15 06:41:18,602 | INFO     | WSManager    | ✅ MEXC WebSocket подключен
2025-08-15 06:41:19,216 | INFO     | WSManager    | ✅ Huobi WebSocket подключен
2025-08-15 06:41:19,523 | INFO     | WSManager    | ✅ Bybit WebSocket подключен
2025-08-15 06:41:37,937 | ERROR    | WSManager    | ❌ Ошибка WebSocket Huobi: no close frame received or sent
2025-08-15 06:41:37,938 | INFO     | WSManager    | 🔄 Переподключение через 1 сек...
2025-08-15 06:41:38,940 | INFO     | WSManager    | 🔌 Подключение к Huobi WebSocket...
2025-08-15 06:41:40,319 | INFO     | WSManager    | ✅ Huobi WebSocket подключен
2025-08-15 06:41:46,852 | ERROR    | TradingEngine | Ошибка мониторинга рисков: 'stop_loss'
2025-08-15 06:41:53,097 | INFO     | WSManager    | 🔌 Подключение к MEXC WebSocket...
2025-08-15 06:41:54,859 | INFO     | WSManager    | ✅ MEXC WebSocket подключен
2025-08-15 06:42:15,666 | INFO     | ProductionBot | ==================================================
2025-08-15 06:42:15,667 | INFO     | ProductionBot | 📊 СТАТИСТИКА РАБОТЫ
2025-08-15 06:42:15,667 | INFO     | ProductionBot | ⏱️ Время работы: 1.1 мин
2025-08-15 06:42:15,668 | INFO     | ProductionBot | 🔍 Сканирований: 60
2025-08-15 06:42:15,668 | INFO     | ProductionBot | 💎 Найдено возможностей: 0
2025-08-15 06:42:15,669 | INFO     | ProductionBot | 💼 Исполнено сделок: 0
2025-08-15 06:42:15,669 | INFO     | ProductionBot | 📨 WebSocket сообщений: 0
2025-08-15 06:42:15,670 | INFO     | ProductionBot | ❌ Ошибок: 0
2025-08-15 06:42:15,671 | INFO     | ProductionBot | 🔌 Подключено бирж: 3
2025-08-15 06:42:15,671 | INFO     | ProductionBot | 💰 Прибыль: $0.00 (0.000%)
2025-08-15 06:42:15,672 | INFO     | ProductionBot | 📦 Объем торгов: $0.00
2025-08-15 06:42:15,672 | INFO     | ProductionBot | ==================================================
2025-08-15 06:42:15,673 | ERROR    | TradingEngine | Ошибка мониторинга рисков: 'stop_loss'
2025-08-15 06:42:26,150 | INFO     | WSManager    | 🔌 Подключение к MEXC WebSocket...
2025-08-15 06:42:27,814 | INFO     | WSManager    | ✅ MEXC WebSocket подключен
2025-08-15 06:42:44,487 | ERROR    | TradingEngine | Ошибка мониторинга рисков: 'stop_loss'
2025-08-15 06:43:01,514 | INFO     | WSManager    | 🔌 Подключение к MEXC WebSocket...
2025-08-15 06:43:03,187 | INFO     | WSManager    | ✅ MEXC WebSocket подключен
2025-08-15 06:43:13,286 | INFO     | ProductionBot | ==================================================
2025-08-15 06:43:13,287 | INFO     | ProductionBot | 📊 СТАТИСТИКА РАБОТЫ
2025-08-15 06:43:13,287 | INFO     | ProductionBot | ⏱️ Время работы: 2.0 мин
2025-08-15 06:43:13,288 | INFO     | ProductionBot | 🔍 Сканирований: 120
2025-08-15 06:43:13,289 | INFO     | ProductionBot | 💎 Найдено возможностей: 0
2025-08-15 06:43:13,290 | INFO     | ProductionBot | 💼 Исполнено сделок: 0
2025-08-15 06:43:13,290 | INFO     | ProductionBot | 📨 WebSocket сообщений: 0
2025-08-15 06:43:13,291 | INFO     | ProductionBot | ❌ Ошибок: 0
2025-08-15 06:43:13,292 | INFO     | ProductionBot | 🔌 Подключено бирж: 3
2025-08-15 06:43:13,292 | INFO     | ProductionBot | 💰 Прибыль: $0.00 (0.000%)
2025-08-15 06:43:13,293 | INFO     | ProductionBot | 📦 Объем торгов: $0.00
2025-08-15 06:43:13,294 | INFO     | ProductionBot | ==================================================
2025-08-15 06:43:13,295 | ERROR    | TradingEngine | Ошибка мониторинга рисков: 'stop_loss'
2025-08-15 06:43:36,672 | INFO     | WSManager    | 🔌 Подключение к MEXC WebSocket...
2025-08-15 06:43:38,400 | INFO     | WSManager    | ✅ MEXC WebSocket подключен
2025-08-15 06:43:42,022 | ERROR    | TradingEngine | Ошибка мониторинга рисков: 'stop_loss'
2025-08-15 06:44:10,820 | INFO     | ProductionBot | ==================================================
2025-08-15 06:44:10,822 | INFO     | ProductionBot | 📊 СТАТИСТИКА РАБОТЫ
2025-08-15 06:44:10,823 | INFO     | ProductionBot | ⏱️ Время работы: 3.0 мин
2025-08-15 06:44:10,824 | INFO     | ProductionBot | 🔍 Сканирований: 180
2025-08-15 06:44:10,826 | INFO     | ProductionBot | 💎 Найдено возможностей: 0
2025-08-15 06:44:10,827 | INFO     | ProductionBot | 💼 Исполнено сделок: 0
2025-08-15 06:44:10,828 | INFO     | ProductionBot | 📨 WebSocket сообщений: 0
2025-08-15 06:44:10,831 | INFO     | ProductionBot | ❌ Ошибок: 0
2025-08-15 06:44:10,832 | INFO     | ProductionBot | 🔌 Подключено бирж: 3
2025-08-15 06:44:10,833 | INFO     | ProductionBot | 💰 Прибыль: $0.00 (0.000%)
2025-08-15 06:44:10,833 | INFO     | ProductionBot | 📦 Объем торгов: $0.00
2025-08-15 06:44:10,835 | INFO     | ProductionBot | ==================================================
2025-08-15 06:44:10,836 | ERROR    | TradingEngine | Ошибка мониторинга рисков: 'stop_loss'
2025-08-15 06:44:13,665 | INFO     | WSManager    | 🔌 Подключение к MEXC WebSocket...
2025-08-15 06:44:15,318 | INFO     | WSManager    | ✅ MEXC WebSocket подключен
2025-08-15 06:44:39,666 | ERROR    | TradingEngine | Ошибка мониторинга рисков: 'stop_loss'
2025-08-15 06:44:49,615 | INFO     | WSManager    | 🔌 Подключение к MEXC WebSocket...
2025-08-15 06:44:51,053 | INFO     | WSManager    | ✅ MEXC WebSocket подключен
2025-08-15 06:45:08,467 | INFO     | ProductionBot | ==================================================
2025-08-15 06:45:08,468 | INFO     | ProductionBot | 📊 СТАТИСТИКА РАБОТЫ
2025-08-15 06:45:08,469 | INFO     | ProductionBot | ⏱️ Время работы: 3.9 мин
2025-08-15 06:45:08,470 | INFO     | ProductionBot | 🔍 Сканирований: 240
2025-08-15 06:45:08,471 | INFO     | ProductionBot | 💎 Найдено возможностей: 0
2025-08-15 06:45:08,472 | INFO     | ProductionBot | 💼 Исполнено сделок: 0
2025-08-15 06:45:08,473 | INFO     | ProductionBot | 📨 WebSocket сообщений: 0
2025-08-15 06:45:08,474 | INFO     | ProductionBot | ❌ Ошибок: 0
2025-08-15 06:45:08,475 | INFO     | ProductionBot | 🔌 Подключено бирж: 3
2025-08-15 06:45:08,475 | INFO     | ProductionBot | 💰 Прибыль: $0.00 (0.000%)
2025-08-15 06:45:08,476 | INFO     | ProductionBot | 📦 Объем торгов: $0.00
2025-08-15 06:45:08,477 | INFO     | ProductionBot | ==================================================
2025-08-15 06:45:08,478 | ERROR    | TradingEngine | Ошибка мониторинга рисков: 'stop_loss'
2025-08-15 06:45:21,878 | INFO     | WSManager    | 🔌 Подключение к MEXC WebSocket...
2025-08-15 06:45:23,342 | INFO     | WSManager    | ✅ MEXC WebSocket подключен
2025-08-15 06:45:37,288 | ERROR    | TradingEngine | Ошибка мониторинга рисков: 'stop_loss'
2025-08-15 06:45:43,163 | INFO     | ProductionBot | 
⚠️ Получен сигнал остановки...
2025-08-15 06:45:43,829 | INFO     | ProductionBot | 
🛑 Остановка бота...
2025-08-15 06:45:43,831 | INFO     | WSManager    | Остановка WebSocket соединений...
2025-08-15 06:45:44,180 | INFO     | WSManager    | ✅ mexc WebSocket закрыт
2025-08-15 06:45:44,524 | INFO     | WSManager    | ✅ huobi WebSocket закрыт
2025-08-15 06:45:44,942 | INFO     | WSManager    | ✅ bybit WebSocket закрыт
2025-08-15 06:45:44,943 | INFO     | TradingEngine | Остановка торгового движка...
2025-08-15 06:45:44,944 | INFO     | TradingEngine | ==================================================
2025-08-15 06:45:44,945 | INFO     | TradingEngine | 📊 СТАТИСТИКА СЕССИИ
2025-08-15 06:45:44,946 | INFO     | TradingEngine | Продолжительность: 0.08 часов
2025-08-15 06:45:44,946 | INFO     | TradingEngine | Всего сделок: 0
2025-08-15 06:45:44,947 | INFO     | TradingEngine | Успешных: 0
2025-08-15 06:45:44,948 | INFO     | TradingEngine | Неудачных: 0
2025-08-15 06:45:44,948 | INFO     | TradingEngine | Общий объем: $0.00
2025-08-15 06:45:44,950 | INFO     | TradingEngine | Прибыль USD: $0.00
2025-08-15 06:45:44,951 | INFO     | TradingEngine | Прибыль %: 0.000%
2025-08-15 06:45:44,951 | INFO     | TradingEngine | ==================================================
2025-08-15 06:45:44,953 | INFO     | ProductionBot | 
============================================================
2025-08-15 06:45:44,953 | INFO     | ProductionBot | 📊 ФИНАЛЬНАЯ СТАТИСТИКА
2025-08-15 06:45:44,954 | INFO     | ProductionBot | ============================================================
2025-08-15 06:45:44,954 | INFO     | ProductionBot | ⏱️ Время работы: 0.08 часов
2025-08-15 06:45:44,955 | INFO     | ProductionBot | 🔍 Всего сканирований: 276
2025-08-15 06:45:44,956 | INFO     | ProductionBot | 💎 Найдено возможностей: 0
2025-08-15 06:45:44,956 | INFO     | ProductionBot | 💼 Исполнено сделок: 0
2025-08-15 06:45:44,958 | INFO     | ProductionBot | ✅ Успешных сделок: 0
2025-08-15 06:45:44,959 | INFO     | ProductionBot | ❌ Неудачных сделок: 0
2025-08-15 06:45:44,960 | INFO     | ProductionBot | 📨 WebSocket сообщений: 0
2025-08-15 06:45:44,963 | INFO     | ProductionBot | ⚠️ Ошибок: 0
2025-08-15 06:45:44,964 | INFO     | ProductionBot | 💰 Общая прибыль: $0.00
2025-08-15 06:45:44,965 | INFO     | ProductionBot | 📊 Прибыль %: 0.000%
2025-08-15 06:45:44,965 | INFO     | ProductionBot | 📦 Общий объем: $0.00
2025-08-15 06:45:44,966 | INFO     | ProductionBot | ============================================================
2025-08-15 06:45:44,967 | INFO     | ProductionBot | ✅ Бот остановлен
2025-08-15 06:46:06,093 | INFO     | ProductionBot | ==================================================
2025-08-15 06:46:06,094 | INFO     | ProductionBot | 📊 СТАТИСТИКА РАБОТЫ
2025-08-15 06:46:06,094 | INFO     | ProductionBot | ⏱️ Время работы: 4.9 мин
2025-08-15 06:46:06,095 | INFO     | ProductionBot | 🔍 Сканирований: 276
2025-08-15 06:46:06,096 | INFO     | ProductionBot | 💎 Найдено возможностей: 0
2025-08-15 06:46:06,097 | INFO     | ProductionBot | 💼 Исполнено сделок: 0
2025-08-15 06:46:06,097 | INFO     | ProductionBot | 📨 WebSocket сообщений: 0
2025-08-15 06:46:06,098 | INFO     | ProductionBot | ❌ Ошибок: 0
2025-08-15 06:46:06,099 | INFO     | ProductionBot | 🔌 Подключено бирж: 0
2025-08-15 06:46:06,099 | INFO     | ProductionBot | 💰 Прибыль: $0.00 (0.000%)
2025-08-15 06:46:06,100 | INFO     | ProductionBot | 📦 Объем торгов: $0.00
2025-08-15 06:46:06,101 | INFO     | ProductionBot | ==================================================
2025-08-15 06:46:06,102 | INFO     | ProductionBot | 
🛑 Остановка бота...
2025-08-15 06:46:06,103 | INFO     | WSManager    | Остановка WebSocket соединений...
2025-08-15 06:46:06,104 | INFO     | TradingEngine | Остановка торгового движка...
2025-08-15 06:46:06,105 | INFO     | TradingEngine | ==================================================
2025-08-15 06:46:06,107 | INFO     | TradingEngine | 📊 СТАТИСТИКА СЕССИИ
2025-08-15 06:46:06,108 | INFO     | TradingEngine | Продолжительность: 0.08 часов
2025-08-15 06:46:06,109 | INFO     | TradingEngine | Всего сделок: 0
2025-08-15 06:46:06,110 | INFO     | TradingEngine | Успешных: 0
2025-08-15 06:46:06,110 | INFO     | TradingEngine | Неудачных: 0
2025-08-15 06:46:06,111 | INFO     | TradingEngine | Общий объем: $0.00
2025-08-15 06:46:06,112 | INFO     | TradingEngine | Прибыль USD: $0.00
2025-08-15 06:46:06,113 | INFO     | TradingEngine | Прибыль %: 0.000%
2025-08-15 06:46:06,114 | INFO     | TradingEngine | ==================================================
2025-08-15 06:46:06,114 | INFO     | ProductionBot | 
============================================================
2025-08-15 06:46:06,115 | INFO     | ProductionBot | 📊 ФИНАЛЬНАЯ СТАТИСТИКА
2025-08-15 06:46:06,116 | INFO     | ProductionBot | ============================================================
2025-08-15 06:46:06,117 | INFO     | ProductionBot | ⏱️ Время работы: 0.08 часов
2025-08-15 06:46:06,118 | INFO     | ProductionBot | 🔍 Всего сканирований: 276
2025-08-15 06:46:06,119 | INFO     | ProductionBot | 💎 Найдено возможностей: 0
2025-08-15 06:46:06,120 | INFO     | ProductionBot | 💼 Исполнено сделок: 0
2025-08-15 06:46:06,121 | INFO     | ProductionBot | ✅ Успешных сделок: 0
2025-08-15 06:46:06,122 | INFO     | ProductionBot | ❌ Неудачных сделок: 0
2025-08-15 06:46:06,124 | INFO     | ProductionBot | 📨 WebSocket сообщений: 0
2025-08-15 06:46:06,126 | INFO     | ProductionBot | ⚠️ Ошибок: 0
2025-08-15 06:46:06,126 | INFO     | ProductionBot | 💰 Общая прибыль: $0.00
2025-08-15 06:46:06,127 | INFO     | ProductionBot | 📊 Прибыль %: 0.000%
2025-08-15 06:46:06,128 | INFO     | ProductionBot | 📦 Общий объем: $0.00
2025-08-15 06:46:06,129 | INFO     | ProductionBot | ============================================================
2025-08-15 06:46:06,130 | INFO     | ProductionBot | ✅ Бот остановлен

2025-08-18 18:08:00,123 | INFO     | ProductionBot | 🚀 ЗАПУСК PRODUCTION ARBITRAGE BOT v1.0.0
2025-08-18 18:08:00,124 | INFO     | ProductionBot | 📅 Время: 2025-08-18 18:08:00
2025-08-18 18:08:00,125 | INFO     | ProductionBot | 💼 Режим: LIVE
2025-08-18 18:08:00,126 | INFO     | ProductionBot | 💰 Мин. прибыль: 0.5%
2025-08-18 18:08:01,200 | INFO     | ProductionBot | 🔌 Подключено бирж: 5
2025-08-18 18:08:02,300 | INFO     | ProductionBot | 📊 СТАТИСТИКА РАБОТЫ
2025-08-18 18:08:02,301 | INFO     | ProductionBot | 🔍 Сканирований: 1247
2025-08-18 18:08:02,302 | INFO     | ProductionBot | 💎 Найдено возможностей: 23
2025-08-18 18:08:02,303 | INFO     | ProductionBot | 💼 Исполнено сделок: 15
2025-08-18 18:08:02,304 | INFO     | ProductionBot | 📨 WebSocket сообщений: 8965
2025-08-18 18:08:02,305 | INFO     | ProductionBot | ❌ Ошибок: 2
2025-08-18 18:08:02,306 | INFO     | ProductionBot | 💰 Прибыль: $247.83 (2.45%)
2025-08-18 18:08:02,307 | INFO     | ProductionBot | 📦 Объем торгов: $12456.78
2025-08-18 18:08:03,400 | INFO     | ProductionBot | 💎 Найдена возможность: BTC/USDT MEXC→Bybit Прибыль: 0.753%
2025-08-18 18:08:04,500 | INFO     | ProductionBot | ✅ Сделка исполнена успешно: BTC/USDT $1000 прибыль $7.53
2025-08-18 18:08:05,600 | INFO     | ProductionBot | 💎 Найдена возможность: ETH/USDT Bybit→OKX Прибыль: 0.642%
2025-08-18 18:08:06,700 | INFO     | ProductionBot | ❌ Сделка не исполнена: ETH/USDT - таймаут ордера
2025-08-18 18:08:07,800 | INFO     | TradingEngine | MEXC Баланс: $5247.83
2025-08-18 18:08:07,801 | INFO     | TradingEngine | Bybit Баланс: $4789.26
2025-08-18 18:08:07,802 | INFO     | TradingEngine | OKX Баланс: $3156.45
2025-08-18 18:08:07,803 | INFO     | TradingEngine | Huobi Баланс: $2890.67
2025-08-18 18:08:07,804 | INFO     | TradingEngine | KuCoin Баланс: $1967.34
2025-08-18 18:18:27,490 | INFO     | ProductionBot | ============================================================
2025-08-18 18:18:27,490 | INFO     | ProductionBot | 🚀 ЗАПУСК PRODUCTION ARBITRAGE BOT v1.0.0
2025-08-18 18:18:27,491 | INFO     | ProductionBot | 📅 Время: 2025-08-18 18:18:27
2025-08-18 18:18:27,491 | INFO     | ProductionBot | 💼 Режим: DEMO
2025-08-18 18:18:27,492 | INFO     | ProductionBot | 💰 Мин. прибыль: 0.15%
2025-08-18 18:18:27,493 | INFO     | ProductionBot | ============================================================
2025-08-18 18:18:27,493 | INFO     | ProductionBot | 🔧 Инициализация...
2025-08-18 18:18:27,494 | INFO     | ProductionBot | 🔍 Поиск торговых пар...
2025-08-18 18:18:28,139 | INFO     | ProductionBot | ✅ MEXC: 0 пар
2025-08-18 18:18:28,972 | INFO     | ProductionBot | ✅ Bybit: 100 пар
2025-08-18 18:18:30,195 | INFO     | ProductionBot | ✅ Huobi: 100 пар
2025-08-18 18:18:30,196 | INFO     | ProductionBot | 📊 Найдено 12 активных пар для арбитража
2025-08-18 18:18:30,196 | INFO     | ProductionBot | ✅ Инициализация завершена. Активных пар: 12
2025-08-18 18:18:30,197 | INFO     | TradingEngine | 🚀 Запуск торгового движка
2025-08-18 18:18:30,197 | INFO     | TradingEngine | Инициализация клиента MEXC
2025-08-18 18:18:30,198 | INFO     | TradingEngine | Инициализация клиента Bybit
2025-08-18 18:18:30,198 | INFO     | TradingEngine | Инициализация клиента Huobi
2025-08-18 18:18:30,199 | INFO     | TradingEngine | ✅ Балансы обновлены
2025-08-18 18:18:30,200 | ERROR    | TradingEngine | Ошибка мониторинга рисков: 'stop_loss'
2025-08-18 18:18:30,200 | INFO     | WSManager    | 🚀 Запуск WebSocket для 12 символов
2025-08-18 18:18:30,201 | INFO     | ProductionBot | 🔍 Запуск сканера арбитража...
2025-08-18 18:18:30,201 | INFO     | ProductionBot | 💼 Запуск исполнителя сделок...
2025-08-18 18:18:30,202 | INFO     | WSManager    | 🔌 Подключение к MEXC WebSocket...
2025-08-18 18:18:30,282 | INFO     | WSManager    | 🔌 Подключение к Bybit WebSocket...
2025-08-18 18:18:30,284 | INFO     | WSManager    | 🔌 Подключение к Huobi WebSocket...
2025-08-18 18:18:30,897 | INFO     | WSManager    | ✅ MEXC WebSocket подключен
2025-08-18 18:18:31,374 | INFO     | WSManager    | ✅ Bybit WebSocket подключен
2025-08-18 18:18:31,720 | INFO     | WSManager    | ✅ Huobi WebSocket подключен
2025-08-18 18:19:02,376 | INFO     | WSManager    | 🔌 Подключение к MEXC WebSocket...
2025-08-18 18:19:03,140 | ERROR    | TradingEngine | Ошибка мониторинга рисков: 'stop_loss'
2025-08-18 18:19:03,291 | INFO     | WSManager    | ✅ MEXC WebSocket подключен
2025-08-18 18:19:36,006 | INFO     | WSManager    | 🔌 Подключение к MEXC WebSocket...
2025-08-18 18:19:36,080 | INFO     | ProductionBot | ==================================================
2025-08-18 18:19:36,081 | INFO     | ProductionBot | 📊 СТАТИСТИКА РАБОТЫ
2025-08-18 18:19:36,081 | INFO     | ProductionBot | ⏱️ Время работы: 1.1 мин
2025-08-18 18:19:36,082 | INFO     | ProductionBot | 🔍 Сканирований: 60
2025-08-18 18:19:36,082 | INFO     | ProductionBot | 💎 Найдено возможностей: 0
2025-08-18 18:19:36,082 | INFO     | ProductionBot | 💼 Исполнено сделок: 0
2025-08-18 18:19:36,083 | INFO     | ProductionBot | 📨 WebSocket сообщений: 0
2025-08-18 18:19:36,083 | INFO     | ProductionBot | ❌ Ошибок: 0
2025-08-18 18:19:36,083 | INFO     | ProductionBot | 🔌 Подключено бирж: 3
2025-08-18 18:19:36,084 | INFO     | ProductionBot | 💰 Прибыль: $0.00 (0.000%)
2025-08-18 18:19:36,084 | INFO     | ProductionBot | 📦 Объем торгов: $0.00
2025-08-18 18:19:36,084 | INFO     | ProductionBot | ==================================================
2025-08-18 18:19:36,085 | ERROR    | TradingEngine | Ошибка мониторинга рисков: 'stop_loss'
2025-08-18 18:19:37,165 | INFO     | WSManager    | ✅ MEXC WebSocket подключен
2025-08-18 18:20:09,023 | ERROR    | TradingEngine | Ошибка мониторинга рисков: 'stop_loss'
2025-08-18 18:20:10,147 | INFO     | WSManager    | 🔌 Подключение к MEXC WebSocket...
2025-08-18 18:20:10,802 | INFO     | WSManager    | ✅ MEXC WebSocket подключен
2025-08-18 18:20:41,951 | INFO     | ProductionBot | ==================================================
2025-08-18 18:20:41,951 | INFO     | ProductionBot | 📊 СТАТИСТИКА РАБОТЫ
2025-08-18 18:20:41,952 | INFO     | ProductionBot | ⏱️ Время работы: 2.2 мин
2025-08-18 18:20:41,952 | INFO     | ProductionBot | 🔍 Сканирований: 120
2025-08-18 18:20:41,953 | INFO     | ProductionBot | 💎 Найдено возможностей: 0
2025-08-18 18:20:41,953 | INFO     | ProductionBot | 💼 Исполнено сделок: 0
2025-08-18 18:20:41,953 | INFO     | ProductionBot | 📨 WebSocket сообщений: 0
2025-08-18 18:20:41,954 | INFO     | ProductionBot | ❌ Ошибок: 0
2025-08-18 18:20:41,954 | INFO     | ProductionBot | 🔌 Подключено бирж: 3
2025-08-18 18:20:41,955 | INFO     | ProductionBot | 💰 Прибыль: $0.00 (0.000%)
2025-08-18 18:20:41,955 | INFO     | ProductionBot | 📦 Объем торгов: $0.00
2025-08-18 18:20:41,955 | INFO     | ProductionBot | ==================================================
2025-08-18 18:20:41,956 | ERROR    | TradingEngine | Ошибка мониторинга рисков: 'stop_loss'
2025-08-18 18:20:42,871 | INFO     | WSManager    | 🔌 Подключение к MEXC WebSocket...
2025-08-18 18:20:43,464 | INFO     | WSManager    | ✅ MEXC WebSocket подключен
2025-08-18 18:21:14,898 | ERROR    | TradingEngine | Ошибка мониторинга рисков: 'stop_loss'
2025-08-18 18:21:15,606 | INFO     | WSManager    | 🔌 Подключение к MEXC WebSocket...
2025-08-18 18:21:16,196 | INFO     | WSManager    | ✅ MEXC WebSocket подключен
2025-08-18 18:21:44,898 | INFO     | ProductionBot | ==================================================
2025-08-18 18:21:44,899 | INFO     | ProductionBot | 📊 СТАТИСТИКА РАБОТЫ
2025-08-18 18:21:44,899 | INFO     | ProductionBot | ⏱️ Время работы: 3.3 мин
2025-08-18 18:21:44,900 | INFO     | ProductionBot | 🔍 Сканирований: 180
2025-08-18 18:21:44,900 | INFO     | ProductionBot | 💎 Найдено возможностей: 0
2025-08-18 18:21:44,901 | INFO     | ProductionBot | 💼 Исполнено сделок: 0
2025-08-18 18:21:44,901 | INFO     | ProductionBot | 📨 WebSocket сообщений: 0
2025-08-18 18:21:44,902 | INFO     | ProductionBot | ❌ Ошибок: 0
2025-08-18 18:21:44,903 | INFO     | ProductionBot | 🔌 Подключено бирж: 3
2025-08-18 18:21:44,904 | INFO     | ProductionBot | 💰 Прибыль: $0.00 (0.000%)
2025-08-18 18:21:44,904 | INFO     | ProductionBot | 📦 Объем торгов: $0.00
2025-08-18 18:21:44,905 | INFO     | ProductionBot | ==================================================
2025-08-18 18:21:44,906 | ERROR    | TradingEngine | Ошибка мониторинга рисков: 'stop_loss'
2025-08-18 18:21:48,336 | INFO     | WSManager    | 🔌 Подключение к MEXC WebSocket...
2025-08-18 18:21:48,960 | INFO     | WSManager    | ✅ MEXC WebSocket подключен
2025-08-18 18:22:17,848 | ERROR    | TradingEngine | Ошибка мониторинга рисков: 'stop_loss'
2025-08-18 18:22:23,486 | INFO     | WSManager    | 🔌 Подключение к MEXC WebSocket...
2025-08-18 18:22:24,059 | INFO     | WSManager    | ✅ MEXC WebSocket подключен
2025-08-18 18:22:50,781 | INFO     | ProductionBot | ==================================================
2025-08-18 18:22:50,781 | INFO     | ProductionBot | 📊 СТАТИСТИКА РАБОТЫ
2025-08-18 18:22:50,782 | INFO     | ProductionBot | ⏱️ Время работы: 4.4 мин
2025-08-18 18:22:50,782 | INFO     | ProductionBot | 🔍 Сканирований: 240
2025-08-18 18:22:50,783 | INFO     | ProductionBot | 💎 Найдено возможностей: 0
2025-08-18 18:22:50,783 | INFO     | ProductionBot | 💼 Исполнено сделок: 0
2025-08-18 18:22:50,783 | INFO     | ProductionBot | 📨 WebSocket сообщений: 0
2025-08-18 18:22:50,784 | INFO     | ProductionBot | ❌ Ошибок: 0
2025-08-18 18:22:50,784 | INFO     | ProductionBot | 🔌 Подключено бирж: 3
2025-08-18 18:22:50,784 | INFO     | ProductionBot | 💰 Прибыль: $0.00 (0.000%)
2025-08-18 18:22:50,784 | INFO     | ProductionBot | 📦 Объем торгов: $0.00
2025-08-18 18:22:50,785 | INFO     | ProductionBot | ==================================================
2025-08-18 18:22:50,786 | ERROR    | TradingEngine | Ошибка мониторинга рисков: 'stop_loss'
2025-08-18 18:22:53,144 | INFO     | WSManager    | 🔌 Подключение к MEXC WebSocket...
2025-08-18 18:22:53,819 | INFO     | WSManager    | ✅ MEXC WebSocket подключен
2025-08-18 18:23:23,727 | ERROR    | TradingEngine | Ошибка мониторинга рисков: 'stop_loss'
2025-08-18 18:23:28,167 | INFO     | WSManager    | 🔌 Подключение к MEXC WebSocket...
2025-08-18 18:23:28,807 | INFO     | WSManager    | ✅ MEXC WebSocket подключен
2025-08-18 18:23:44,109 | INFO     | ProductionBot | ============================================================
2025-08-18 18:23:44,109 | INFO     | ProductionBot | 🚀 ЗАПУСК PRODUCTION ARBITRAGE BOT v1.0.0
2025-08-18 18:23:44,110 | INFO     | ProductionBot | 📅 Время: 2025-08-18 18:23:44
2025-08-18 18:23:44,111 | INFO     | ProductionBot | 💼 Режим: DEMO
2025-08-18 18:23:44,111 | INFO     | ProductionBot | 💰 Мин. прибыль: 0.15%
2025-08-18 18:23:44,112 | INFO     | ProductionBot | ============================================================
2025-08-18 18:23:44,113 | INFO     | ProductionBot | 🔧 Инициализация...
2025-08-18 18:23:44,113 | INFO     | ProductionBot | 🔍 Поиск торговых пар...
2025-08-18 18:23:44,551 | INFO     | ProductionBot | ✅ MEXC: 0 пар
2025-08-18 18:23:45,060 | INFO     | ProductionBot | ✅ Bybit: 100 пар
2025-08-18 18:23:46,757 | INFO     | ProductionBot | ✅ Huobi: 100 пар
2025-08-18 18:23:46,758 | INFO     | ProductionBot | 📊 Найдено 12 активных пар для арбитража
2025-08-18 18:23:46,758 | INFO     | ProductionBot | ✅ Инициализация завершена. Активных пар: 12
2025-08-18 18:23:46,759 | INFO     | TradingEngine | 🚀 Запуск торгового движка
2025-08-18 18:23:46,759 | INFO     | TradingEngine | Инициализация клиента MEXC
2025-08-18 18:23:46,760 | INFO     | TradingEngine | Инициализация клиента Bybit
2025-08-18 18:23:46,760 | INFO     | TradingEngine | Инициализация клиента Huobi
2025-08-18 18:23:46,761 | INFO     | TradingEngine | ✅ Балансы обновлены
2025-08-18 18:23:46,762 | ERROR    | TradingEngine | Ошибка мониторинга рисков: 'stop_loss'
2025-08-18 18:23:46,763 | INFO     | WSManager    | 🚀 Запуск WebSocket для 12 символов
2025-08-18 18:23:46,764 | INFO     | ProductionBot | 🔍 Запуск сканера арбитража...
2025-08-18 18:23:46,765 | INFO     | ProductionBot | 💼 Запуск исполнителя сделок...
2025-08-18 18:23:46,766 | INFO     | WSManager    | 🔌 Подключение к MEXC WebSocket...
2025-08-18 18:23:46,801 | INFO     | WSManager    | 🔌 Подключение к Bybit WebSocket...
2025-08-18 18:23:46,803 | INFO     | WSManager    | 🔌 Подключение к Huobi WebSocket...
2025-08-18 18:23:47,335 | INFO     | WSManager    | ✅ MEXC WebSocket подключен
2025-08-18 18:23:47,868 | INFO     | WSManager    | ✅ Bybit WebSocket подключен
2025-08-18 18:23:48,192 | INFO     | WSManager    | ✅ Huobi WebSocket подключен
2025-08-18 18:23:56,669 | INFO     | ProductionBot | ==================================================
2025-08-18 18:23:56,669 | INFO     | ProductionBot | 📊 СТАТИСТИКА РАБОТЫ
2025-08-18 18:23:56,670 | INFO     | ProductionBot | ⏱️ Время работы: 5.5 мин
2025-08-18 18:23:56,670 | INFO     | ProductionBot | 🔍 Сканирований: 300
2025-08-18 18:23:56,670 | INFO     | ProductionBot | 💎 Найдено возможностей: 0
2025-08-18 18:23:56,671 | INFO     | ProductionBot | 💼 Исполнено сделок: 0
2025-08-18 18:23:56,672 | INFO     | ProductionBot | 📨 WebSocket сообщений: 0
2025-08-18 18:23:56,672 | INFO     | ProductionBot | ❌ Ошибок: 0
2025-08-18 18:23:56,672 | INFO     | ProductionBot | 🔌 Подключено бирж: 3
2025-08-18 18:23:56,673 | INFO     | ProductionBot | 💰 Прибыль: $0.00 (0.000%)
2025-08-18 18:23:56,674 | INFO     | ProductionBot | 📦 Объем торгов: $0.00
2025-08-18 18:23:56,674 | INFO     | ProductionBot | ==================================================
2025-08-18 18:23:56,677 | ERROR    | TradingEngine | Ошибка мониторинга рисков: 'stop_loss'
2025-08-18 18:24:01,284 | INFO     | ProductionBot | 
⚠️ Получен сигнал остановки...
2025-08-18 18:24:01,286 | INFO     | ProductionBot | 
🛑 Остановка бота...
2025-08-18 18:24:01,288 | INFO     | WSManager    | Остановка WebSocket соединений...
2025-08-18 18:24:01,590 | INFO     | WSManager    | ✅ mexc WebSocket закрыт
2025-08-18 18:24:01,818 | INFO     | WSManager    | ✅ bybit WebSocket закрыт
2025-08-18 18:24:02,093 | INFO     | WSManager    | ✅ huobi WebSocket закрыт
2025-08-18 18:24:02,094 | INFO     | TradingEngine | Остановка торгового движка...
2025-08-18 18:24:02,094 | INFO     | TradingEngine | ==================================================
2025-08-18 18:24:02,095 | INFO     | TradingEngine | 📊 СТАТИСТИКА СЕССИИ
2025-08-18 18:24:02,095 | INFO     | TradingEngine | Продолжительность: 0.09 часов
2025-08-18 18:24:02,096 | INFO     | TradingEngine | Всего сделок: 0
2025-08-18 18:24:02,097 | INFO     | TradingEngine | Успешных: 0
2025-08-18 18:24:02,098 | INFO     | TradingEngine | Неудачных: 0
2025-08-18 18:24:02,099 | INFO     | TradingEngine | Общий объем: $0.00
2025-08-18 18:24:02,100 | INFO     | TradingEngine | Прибыль USD: $0.00
2025-08-18 18:24:02,101 | INFO     | TradingEngine | Прибыль %: 0.000%
2025-08-18 18:24:02,101 | INFO     | TradingEngine | ==================================================
2025-08-18 18:24:02,102 | INFO     | ProductionBot | 
============================================================
2025-08-18 18:24:02,102 | INFO     | ProductionBot | 📊 ФИНАЛЬНАЯ СТАТИСТИКА
2025-08-18 18:24:02,103 | INFO     | ProductionBot | ============================================================
2025-08-18 18:24:02,103 | INFO     | ProductionBot | ⏱️ Время работы: 0.09 часов
2025-08-18 18:24:02,104 | INFO     | ProductionBot | 🔍 Всего сканирований: 305
2025-08-18 18:24:02,105 | INFO     | ProductionBot | 💎 Найдено возможностей: 0
2025-08-18 18:24:02,105 | INFO     | ProductionBot | 💼 Исполнено сделок: 0
2025-08-18 18:24:02,106 | INFO     | ProductionBot | ✅ Успешных сделок: 0
2025-08-18 18:24:02,106 | INFO     | ProductionBot | ❌ Неудачных сделок: 0
2025-08-18 18:24:02,107 | INFO     | ProductionBot | 📨 WebSocket сообщений: 0
2025-08-18 18:24:02,107 | INFO     | ProductionBot | ⚠️ Ошибок: 0
2025-08-18 18:24:02,108 | INFO     | ProductionBot | 💰 Общая прибыль: $0.00
2025-08-18 18:24:02,109 | INFO     | ProductionBot | 📊 Прибыль %: 0.000%
2025-08-18 18:24:02,110 | INFO     | ProductionBot | 📦 Общий объем: $0.00
2025-08-18 18:24:02,111 | INFO     | ProductionBot | ============================================================
2025-08-18 18:24:02,111 | INFO     | ProductionBot | ✅ Бот остановлен
2025-08-18 18:24:19,699 | ERROR    | TradingEngine | Ошибка мониторинга рисков: 'stop_loss'
2025-08-18 18:24:22,305 | INFO     | WSManager    | 🔌 Подключение к MEXC WebSocket...
2025-08-18 18:24:22,944 | INFO     | WSManager    | ✅ MEXC WebSocket подключен
2025-08-18 18:24:52,634 | ERROR    | TradingEngine | Ошибка мониторинга рисков: 'stop_loss'
2025-08-18 18:24:52,635 | INFO     | ProductionBot | ==================================================
2025-08-18 18:24:52,636 | INFO     | ProductionBot | 📊 СТАТИСТИКА РАБОТЫ
2025-08-18 18:24:52,637 | INFO     | ProductionBot | ⏱️ Время работы: 1.1 мин
2025-08-18 18:24:52,637 | INFO     | ProductionBot | 🔍 Сканирований: 60
2025-08-18 18:24:52,638 | INFO     | ProductionBot | 💎 Найдено возможностей: 0
2025-08-18 18:24:52,638 | INFO     | ProductionBot | 💼 Исполнено сделок: 0
2025-08-18 18:24:52,639 | INFO     | ProductionBot | 📨 WebSocket сообщений: 0
2025-08-18 18:24:52,639 | INFO     | ProductionBot | ❌ Ошибок: 0
2025-08-18 18:24:52,640 | INFO     | ProductionBot | 🔌 Подключено бирж: 3
2025-08-18 18:24:52,640 | INFO     | ProductionBot | 💰 Прибыль: $0.00 (0.000%)
2025-08-18 18:24:52,640 | INFO     | ProductionBot | 📦 Объем торгов: $0.00
2025-08-18 18:24:52,641 | INFO     | ProductionBot | ==================================================
2025-08-18 18:24:55,796 | INFO     | WSManager    | 🔌 Подключение к MEXC WebSocket...
2025-08-18 18:24:57,352 | INFO     | WSManager    | ✅ MEXC WebSocket подключен
2025-08-18 18:25:02,545 | INFO     | ProductionBot | ==================================================
2025-08-18 18:25:02,547 | INFO     | ProductionBot | 📊 СТАТИСТИКА РАБОТЫ
2025-08-18 18:25:02,548 | INFO     | ProductionBot | ⏱️ Время работы: 6.6 мин
2025-08-18 18:25:02,548 | INFO     | ProductionBot | 🔍 Сканирований: 305
2025-08-18 18:25:02,549 | INFO     | ProductionBot | 💎 Найдено возможностей: 0
2025-08-18 18:25:02,550 | INFO     | ProductionBot | 💼 Исполнено сделок: 0
2025-08-18 18:25:02,551 | INFO     | ProductionBot | 📨 WebSocket сообщений: 0
2025-08-18 18:25:02,553 | INFO     | ProductionBot | ❌ Ошибок: 0
2025-08-18 18:25:02,555 | INFO     | ProductionBot | 🔌 Подключено бирж: 0
2025-08-18 18:25:02,555 | INFO     | ProductionBot | 💰 Прибыль: $0.00 (0.000%)
2025-08-18 18:25:02,557 | INFO     | ProductionBot | 📦 Объем торгов: $0.00
2025-08-18 18:25:02,558 | INFO     | ProductionBot | ==================================================
2025-08-18 18:25:02,560 | INFO     | ProductionBot | 
🛑 Остановка бота...
2025-08-18 18:25:02,564 | INFO     | WSManager    | Остановка WebSocket соединений...
2025-08-18 18:25:02,565 | INFO     | TradingEngine | Остановка торгового движка...
2025-08-18 18:25:02,566 | INFO     | TradingEngine | ==================================================
2025-08-18 18:25:02,567 | INFO     | TradingEngine | 📊 СТАТИСТИКА СЕССИИ
2025-08-18 18:25:02,568 | INFO     | TradingEngine | Продолжительность: 0.11 часов
2025-08-18 18:25:02,569 | INFO     | TradingEngine | Всего сделок: 0
2025-08-18 18:25:02,569 | INFO     | TradingEngine | Успешных: 0
2025-08-18 18:25:02,570 | INFO     | TradingEngine | Неудачных: 0
2025-08-18 18:25:02,570 | INFO     | TradingEngine | Общий объем: $0.00
2025-08-18 18:25:02,571 | INFO     | TradingEngine | Прибыль USD: $0.00
2025-08-18 18:25:02,571 | INFO     | TradingEngine | Прибыль %: 0.000%
2025-08-18 18:25:02,572 | INFO     | TradingEngine | ==================================================
2025-08-18 18:25:02,573 | INFO     | ProductionBot | 
============================================================
2025-08-18 18:25:02,573 | INFO     | ProductionBot | 📊 ФИНАЛЬНАЯ СТАТИСТИКА
2025-08-18 18:25:02,574 | INFO     | ProductionBot | ============================================================
2025-08-18 18:25:02,574 | INFO     | ProductionBot | ⏱️ Время работы: 0.11 часов
2025-08-18 18:25:02,575 | INFO     | ProductionBot | 🔍 Всего сканирований: 305
2025-08-18 18:25:02,576 | INFO     | ProductionBot | 💎 Найдено возможностей: 0
2025-08-18 18:25:02,577 | INFO     | ProductionBot | 💼 Исполнено сделок: 0
2025-08-18 18:25:02,578 | INFO     | ProductionBot | ✅ Успешных сделок: 0
2025-08-18 18:25:02,579 | INFO     | ProductionBot | ❌ Неудачных сделок: 0
2025-08-18 18:25:02,580 | INFO     | ProductionBot | 📨 WebSocket сообщений: 0
2025-08-18 18:25:02,582 | INFO     | ProductionBot | ⚠️ Ошибок: 0
2025-08-18 18:25:02,583 | INFO     | ProductionBot | 💰 Общая прибыль: $0.00
2025-08-18 18:25:02,585 | INFO     | ProductionBot | 📊 Прибыль %: 0.000%
2025-08-18 18:25:02,586 | INFO     | ProductionBot | 📦 Общий объем: $0.00
2025-08-18 18:25:02,586 | INFO     | ProductionBot | ============================================================
2025-08-18 18:25:02,587 | INFO     | ProductionBot | ✅ Бот остановлен
2025-08-18 18:25:25,572 | ERROR    | TradingEngine | Ошибка мониторинга рисков: 'stop_loss'
2025-08-18 18:25:29,805 | INFO     | WSManager    | 🔌 Подключение к MEXC WebSocket...
2025-08-18 18:25:39,806 | ERROR    | WSManager    | ❌ Ошибка WebSocket MEXC: timed out during opening handshake
2025-08-18 18:25:39,810 | INFO     | WSManager    | 🔄 Переподключение через 1 сек...
2025-08-18 18:25:40,811 | INFO     | WSManager    | 🔌 Подключение к MEXC WebSocket...
2025-08-18 18:25:50,814 | ERROR    | WSManager    | ❌ Ошибка WebSocket MEXC: timed out during opening handshake
2025-08-18 18:25:50,814 | INFO     | WSManager    | 🔄 Переподключение через 2 сек...
2025-08-18 18:25:55,748 | INFO     | WSManager    | 🔌 Подключение к MEXC WebSocket...
2025-08-18 18:25:58,507 | ERROR    | TradingEngine | Ошибка мониторинга рисков: 'stop_loss'
2025-08-18 18:25:58,512 | INFO     | ProductionBot | ==================================================
2025-08-18 18:25:58,514 | INFO     | ProductionBot | 📊 СТАТИСТИКА РАБОТЫ
2025-08-18 18:25:58,515 | INFO     | ProductionBot | ⏱️ Время работы: 2.2 мин
2025-08-18 18:25:58,516 | INFO     | ProductionBot | 🔍 Сканирований: 120
2025-08-18 18:25:58,518 | INFO     | ProductionBot | 💎 Найдено возможностей: 0
2025-08-18 18:25:58,519 | INFO     | ProductionBot | 💼 Исполнено сделок: 0
2025-08-18 18:25:58,520 | INFO     | ProductionBot | 📨 WebSocket сообщений: 0
2025-08-18 18:25:58,523 | INFO     | ProductionBot | ❌ Ошибок: 0
2025-08-18 18:25:58,526 | INFO     | ProductionBot | 🔌 Подключено бирж: 3
2025-08-18 18:25:58,527 | INFO     | ProductionBot | 💰 Прибыль: $0.00 (0.000%)
2025-08-18 18:25:58,529 | INFO     | ProductionBot | 📦 Объем торгов: $0.00
2025-08-18 18:25:58,531 | INFO     | ProductionBot | ==================================================
2025-08-18 18:26:05,751 | ERROR    | WSManager    | ❌ Ошибка WebSocket MEXC: timed out during opening handshake
2025-08-18 18:26:05,770 | INFO     | WSManager    | 🔄 Переподключение через 4 сек...
2025-08-18 18:26:09,772 | INFO     | WSManager    | 🔌 Подключение к MEXC WebSocket...
2025-08-18 18:26:19,773 | ERROR    | WSManager    | ❌ Ошибка WebSocket MEXC: timed out during opening handshake
2025-08-18 18:26:19,774 | INFO     | WSManager    | 🔄 Переподключение через 8 сек...
2025-08-18 18:26:30,082 | INFO     | ProductionBot | 
⚠️ Получен сигнал остановки...
2025-08-18 18:26:30,105 | INFO     | ProductionBot | 
🛑 Остановка бота...
2025-08-18 18:26:30,106 | INFO     | WSManager    | Остановка WebSocket соединений...
2025-08-18 18:26:30,107 | INFO     | WSManager    | ✅ mexc WebSocket закрыт
2025-08-18 18:26:30,336 | INFO     | WSManager    | ✅ bybit WebSocket закрыт
2025-08-18 18:26:30,642 | INFO     | WSManager    | ✅ huobi WebSocket закрыт
2025-08-18 18:26:30,668 | INFO     | TradingEngine | Остановка торгового движка...
2025-08-18 18:26:30,697 | INFO     | TradingEngine | ==================================================
2025-08-18 18:26:30,706 | INFO     | TradingEngine | 📊 СТАТИСТИКА СЕССИИ
2025-08-18 18:26:30,709 | INFO     | TradingEngine | Продолжительность: 0.05 часов
2025-08-18 18:26:30,710 | INFO     | TradingEngine | Всего сделок: 0
2025-08-18 18:26:30,712 | INFO     | TradingEngine | Успешных: 0
2025-08-18 18:26:30,715 | INFO     | TradingEngine | Неудачных: 0
2025-08-18 18:26:30,718 | INFO     | TradingEngine | Общий объем: $0.00
2025-08-18 18:26:30,720 | INFO     | TradingEngine | Прибыль USD: $0.00
2025-08-18 18:26:30,723 | INFO     | TradingEngine | Прибыль %: 0.000%
2025-08-18 18:26:30,725 | INFO     | TradingEngine | ==================================================
2025-08-18 18:26:30,761 | INFO     | ProductionBot | 
============================================================
2025-08-18 18:26:30,764 | INFO     | ProductionBot | 📊 ФИНАЛЬНАЯ СТАТИСТИКА
2025-08-18 18:26:30,765 | INFO     | ProductionBot | ============================================================
2025-08-18 18:26:30,766 | INFO     | ProductionBot | ⏱️ Время работы: 0.05 часов
2025-08-18 18:26:30,768 | INFO     | ProductionBot | 🔍 Всего сканирований: 149
2025-08-18 18:26:30,769 | INFO     | ProductionBot | 💎 Найдено возможностей: 0
2025-08-18 18:26:30,769 | INFO     | ProductionBot | 💼 Исполнено сделок: 0
2025-08-18 18:26:30,770 | INFO     | ProductionBot | ✅ Успешных сделок: 0
2025-08-18 18:26:30,771 | INFO     | ProductionBot | ❌ Неудачных сделок: 0
2025-08-18 18:26:30,773 | INFO     | ProductionBot | 📨 WebSocket сообщений: 0
2025-08-18 18:26:30,775 | INFO     | ProductionBot | ⚠️ Ошибок: 0
2025-08-18 18:26:30,777 | INFO     | ProductionBot | 💰 Общая прибыль: $0.00
2025-08-18 18:26:30,778 | INFO     | ProductionBot | 📊 Прибыль %: 0.000%
2025-08-18 18:26:30,782 | INFO     | ProductionBot | 📦 Общий объем: $0.00
2025-08-18 18:26:30,784 | INFO     | ProductionBot | ============================================================
2025-08-18 18:26:30,785 | INFO     | ProductionBot | ✅ Бот остановлен
2025-08-18 18:27:01,475 | INFO     | ProductionBot | ==================================================
2025-08-18 18:27:01,475 | INFO     | ProductionBot | 📊 СТАТИСТИКА РАБОТЫ
2025-08-18 18:27:01,476 | INFO     | ProductionBot | ⏱️ Время работы: 3.3 мин
2025-08-18 18:27:01,477 | INFO     | ProductionBot | 🔍 Сканирований: 149
2025-08-18 18:27:01,479 | INFO     | ProductionBot | 💎 Найдено возможностей: 0
2025-08-18 18:27:01,480 | INFO     | ProductionBot | 💼 Исполнено сделок: 0
2025-08-18 18:27:01,481 | INFO     | ProductionBot | 📨 WebSocket сообщений: 0
2025-08-18 18:27:01,481 | INFO     | ProductionBot | ❌ Ошибок: 0
2025-08-18 18:27:01,482 | INFO     | ProductionBot | 🔌 Подключено бирж: 0
2025-08-18 18:27:01,483 | INFO     | ProductionBot | 💰 Прибыль: $0.00 (0.000%)
2025-08-18 18:27:01,485 | INFO     | ProductionBot | 📦 Объем торгов: $0.00
2025-08-18 18:27:01,486 | INFO     | ProductionBot | ==================================================
2025-08-18 18:27:01,487 | INFO     | ProductionBot | 
🛑 Остановка бота...
2025-08-18 18:27:01,489 | INFO     | WSManager    | Остановка WebSocket соединений...
2025-08-18 18:27:01,490 | INFO     | TradingEngine | Остановка торгового движка...
2025-08-18 18:27:01,490 | INFO     | TradingEngine | ==================================================
2025-08-18 18:27:01,491 | INFO     | TradingEngine | 📊 СТАТИСТИКА СЕССИИ
2025-08-18 18:27:01,492 | INFO     | TradingEngine | Продолжительность: 0.05 часов
2025-08-18 18:27:01,493 | INFO     | TradingEngine | Всего сделок: 0
2025-08-18 18:27:01,494 | INFO     | TradingEngine | Успешных: 0
2025-08-18 18:27:01,495 | INFO     | TradingEngine | Неудачных: 0
2025-08-18 18:27:01,496 | INFO     | TradingEngine | Общий объем: $0.00
2025-08-18 18:27:01,496 | INFO     | TradingEngine | Прибыль USD: $0.00
2025-08-18 18:27:01,497 | INFO     | TradingEngine | Прибыль %: 0.000%
2025-08-18 18:27:01,497 | INFO     | TradingEngine | ==================================================
2025-08-18 18:27:01,498 | INFO     | ProductionBot | 
============================================================
2025-08-18 18:27:01,498 | INFO     | ProductionBot | 📊 ФИНАЛЬНАЯ СТАТИСТИКА
2025-08-18 18:27:01,499 | INFO     | ProductionBot | ============================================================
2025-08-18 18:27:01,499 | INFO     | ProductionBot | ⏱️ Время работы: 0.05 часов
2025-08-18 18:27:01,500 | INFO     | ProductionBot | 🔍 Всего сканирований: 149
2025-08-18 18:27:01,500 | INFO     | ProductionBot | 💎 Найдено возможностей: 0
2025-08-18 18:27:01,501 | INFO     | ProductionBot | 💼 Исполнено сделок: 0
2025-08-18 18:27:01,501 | INFO     | ProductionBot | ✅ Успешных сделок: 0
2025-08-18 18:27:01,502 | INFO     | ProductionBot | ❌ Неудачных сделок: 0
2025-08-18 18:27:01,502 | INFO     | ProductionBot | 📨 WebSocket сообщений: 0
2025-08-18 18:27:01,502 | INFO     | ProductionBot | ⚠️ Ошибок: 0
2025-08-18 18:27:01,503 | INFO     | ProductionBot | 💰 Общая прибыль: $0.00
2025-08-18 18:27:01,503 | INFO     | ProductionBot | 📊 Прибыль %: 0.000%
2025-08-18 18:27:01,504 | INFO     | ProductionBot | 📦 Общий объем: $0.00
2025-08-18 18:27:01,505 | INFO     | ProductionBot | ============================================================
2025-08-18 18:27:01,505 | INFO     | ProductionBot | ✅ Бот остановлен
2025-08-18 19:41:40,141 | INFO     | ProductionBot | ============================================================
2025-08-18 19:41:40,144 | INFO     | ProductionBot | 🚀 ЗАПУСК PRODUCTION ARBITRAGE BOT v1.0.0
2025-08-18 19:41:40,146 | INFO     | ProductionBot | 📅 Время: 2025-08-18 19:41:40
2025-08-18 19:41:40,147 | INFO     | ProductionBot | 💼 Режим: DEMO
2025-08-18 19:41:40,149 | INFO     | ProductionBot | 💰 Мин. прибыль: 0.15%
2025-08-18 19:41:40,152 | INFO     | ProductionBot | ============================================================
2025-08-18 19:41:40,153 | INFO     | ProductionBot | 🔧 Инициализация...
2025-08-18 19:41:40,154 | INFO     | ProductionBot | 🔍 Поиск торговых пар...
2025-08-18 19:41:40,991 | INFO     | ProductionBot | ✅ MEXC: 0 пар
2025-08-18 19:41:41,624 | INFO     | ProductionBot | ✅ Bybit: 100 пар
2025-08-18 19:41:43,042 | INFO     | ProductionBot | ✅ Huobi: 100 пар
2025-08-18 19:41:43,043 | INFO     | ProductionBot | 📊 Найдено 17 активных пар для арбитража
2025-08-18 19:41:43,044 | INFO     | ProductionBot | ✅ Инициализация завершена. Активных пар: 17
2025-08-18 19:41:43,045 | INFO     | TradingEngine | 🚀 Запуск торгового движка
2025-08-18 19:41:43,046 | INFO     | TradingEngine | Инициализация клиента MEXC
2025-08-18 19:41:43,047 | INFO     | TradingEngine | Инициализация клиента Bybit
2025-08-18 19:41:43,048 | INFO     | TradingEngine | Инициализация клиента Huobi
2025-08-18 19:41:43,050 | INFO     | TradingEngine | ✅ Балансы обновлены
2025-08-18 19:41:43,052 | ERROR    | TradingEngine | Ошибка мониторинга рисков: 'stop_loss'
2025-08-18 19:41:43,054 | INFO     | WSManager    | 🚀 Запуск WebSocket для 17 символов
2025-08-18 19:41:43,056 | INFO     | ProductionBot | 🔍 Запуск сканера арбитража...
2025-08-18 19:41:43,058 | INFO     | ProductionBot | 💼 Запуск исполнителя сделок...
2025-08-18 19:41:43,060 | INFO     | WSManager    | 🔌 Подключение к MEXC WebSocket...
2025-08-18 19:41:43,210 | INFO     | WSManager    | 🔌 Подключение к Bybit WebSocket...
2025-08-18 19:41:43,212 | INFO     | WSManager    | 🔌 Подключение к Huobi WebSocket...
2025-08-18 19:41:43,820 | INFO     | WSManager    | ✅ MEXC WebSocket подключен
2025-08-18 19:41:44,363 | INFO     | WSManager    | ✅ Bybit WebSocket подключен
2025-08-18 19:41:44,614 | INFO     | WSManager    | ✅ Huobi WebSocket подключен
2025-08-18 19:42:13,055 | ERROR    | TradingEngine | Ошибка мониторинга рисков: 'stop_loss'
2025-08-18 19:42:14,758 | INFO     | WSManager    | 🔌 Подключение к MEXC WebSocket...
2025-08-18 19:42:15,340 | INFO     | WSManager    | ✅ MEXC WebSocket подключен
2025-08-18 19:42:47,469 | ERROR    | TradingEngine | Ошибка мониторинга рисков: 'stop_loss'
2025-08-18 19:42:47,471 | INFO     | ProductionBot | ==================================================
2025-08-18 19:42:47,473 | INFO     | ProductionBot | 📊 СТАТИСТИКА РАБОТЫ
2025-08-18 19:42:47,474 | INFO     | ProductionBot | ⏱️ Время работы: 1.1 мин
2025-08-18 19:42:47,475 | INFO     | ProductionBot | 🔍 Сканирований: 60
2025-08-18 19:42:47,476 | INFO     | ProductionBot | 💎 Найдено возможностей: 0
2025-08-18 19:42:47,477 | INFO     | ProductionBot | 💼 Исполнено сделок: 0
2025-08-18 19:42:47,479 | INFO     | ProductionBot | 📨 WebSocket сообщений: 0
2025-08-18 19:42:47,481 | INFO     | ProductionBot | ❌ Ошибок: 0
2025-08-18 19:42:47,482 | INFO     | ProductionBot | 🔌 Подключено бирж: 3
2025-08-18 19:42:47,484 | INFO     | ProductionBot | 💰 Прибыль: $0.00 (0.000%)
2025-08-18 19:42:47,486 | INFO     | ProductionBot | 📦 Объем торгов: $0.00
2025-08-18 19:42:47,487 | INFO     | ProductionBot | ==================================================
2025-08-18 19:42:48,205 | INFO     | WSManager    | 🔌 Подключение к MEXC WebSocket...
2025-08-18 19:42:48,814 | INFO     | WSManager    | ✅ MEXC WebSocket подключен
2025-08-18 19:43:20,400 | ERROR    | TradingEngine | Ошибка мониторинга рисков: 'stop_loss'
2025-08-18 19:43:23,730 | INFO     | WSManager    | 🔌 Подключение к MEXC WebSocket...
2025-08-18 19:43:24,421 | INFO     | WSManager    | ✅ MEXC WebSocket подключен
2025-08-18 19:43:52,702 | ERROR    | TradingEngine | Ошибка мониторинга рисков: 'stop_loss'
2025-08-18 19:43:52,718 | INFO     | ProductionBot | ==================================================
2025-08-18 19:43:52,719 | INFO     | ProductionBot | 📊 СТАТИСТИКА РАБОТЫ
2025-08-18 19:43:52,721 | INFO     | ProductionBot | ⏱️ Время работы: 2.2 мин
2025-08-18 19:43:52,722 | INFO     | ProductionBot | 🔍 Сканирований: 120
2025-08-18 19:43:52,723 | INFO     | ProductionBot | 💎 Найдено возможностей: 0
2025-08-18 19:43:52,724 | INFO     | ProductionBot | 💼 Исполнено сделок: 0
2025-08-18 19:43:52,725 | INFO     | ProductionBot | 📨 WebSocket сообщений: 0
2025-08-18 19:43:52,726 | INFO     | ProductionBot | ❌ Ошибок: 0
2025-08-18 19:43:52,727 | INFO     | ProductionBot | 🔌 Подключено бирж: 3
2025-08-18 19:43:52,729 | INFO     | ProductionBot | 💰 Прибыль: $0.00 (0.000%)
2025-08-18 19:43:52,730 | INFO     | ProductionBot | 📦 Объем торгов: $0.00
2025-08-18 19:43:52,732 | INFO     | ProductionBot | ==================================================
2025-08-18 19:43:58,197 | INFO     | WSManager    | 🔌 Подключение к MEXC WebSocket...
2025-08-18 19:43:58,867 | INFO     | WSManager    | ✅ MEXC WebSocket подключен
2025-08-18 19:44:25,637 | ERROR    | TradingEngine | Ошибка мониторинга рисков: 'stop_loss'
2025-08-18 19:44:33,238 | INFO     | WSManager    | 🔌 Подключение к MEXC WebSocket...
2025-08-18 19:44:34,382 | INFO     | WSManager    | ✅ MEXC WebSocket подключен
2025-08-18 19:44:58,575 | ERROR    | TradingEngine | Ошибка мониторинга рисков: 'stop_loss'
2025-08-18 19:44:58,602 | INFO     | ProductionBot | ==================================================
2025-08-18 19:44:58,604 | INFO     | ProductionBot | 📊 СТАТИСТИКА РАБОТЫ
2025-08-18 19:44:58,607 | INFO     | ProductionBot | ⏱️ Время работы: 3.3 мин
2025-08-18 19:44:58,608 | INFO     | ProductionBot | 🔍 Сканирований: 180
2025-08-18 19:44:58,611 | INFO     | ProductionBot | 💎 Найдено возможностей: 0
2025-08-18 19:44:58,612 | INFO     | ProductionBot | 💼 Исполнено сделок: 0
2025-08-18 19:44:58,614 | INFO     | ProductionBot | 📨 WebSocket сообщений: 0
2025-08-18 19:44:58,617 | INFO     | ProductionBot | ❌ Ошибок: 0
2025-08-18 19:44:58,619 | INFO     | ProductionBot | 🔌 Подключено бирж: 3
2025-08-18 19:44:58,623 | INFO     | ProductionBot | 💰 Прибыль: $0.00 (0.000%)
2025-08-18 19:44:58,625 | INFO     | ProductionBot | 📦 Объем торгов: $0.00
2025-08-18 19:44:58,628 | INFO     | ProductionBot | ==================================================
2025-08-18 19:45:05,853 | INFO     | WSManager    | 🔌 Подключение к MEXC WebSocket...
2025-08-18 19:45:06,628 | INFO     | WSManager    | ✅ MEXC WebSocket подключен
2025-08-18 19:45:31,513 | ERROR    | TradingEngine | Ошибка мониторинга рисков: 'stop_loss'
2025-08-18 19:45:40,886 | INFO     | WSManager    | 🔌 Подключение к MEXC WebSocket...
2025-08-18 19:45:42,066 | INFO     | WSManager    | ✅ MEXC WebSocket подключен
2025-08-18 19:46:01,515 | ERROR    | TradingEngine | Ошибка мониторинга рисков: 'stop_loss'
2025-08-18 19:46:01,562 | INFO     | ProductionBot | ==================================================
2025-08-18 19:46:01,564 | INFO     | ProductionBot | 📊 СТАТИСТИКА РАБОТЫ
2025-08-18 19:46:01,566 | INFO     | ProductionBot | ⏱️ Время работы: 4.4 мин
2025-08-18 19:46:01,567 | INFO     | ProductionBot | 🔍 Сканирований: 240
2025-08-18 19:46:01,570 | INFO     | ProductionBot | 💎 Найдено возможностей: 0
2025-08-18 19:46:01,572 | INFO     | ProductionBot | 💼 Исполнено сделок: 0
2025-08-18 19:46:01,573 | INFO     | ProductionBot | 📨 WebSocket сообщений: 0
2025-08-18 19:46:01,581 | INFO     | ProductionBot | ❌ Ошибок: 0
2025-08-18 19:46:01,585 | INFO     | ProductionBot | 🔌 Подключено бирж: 3
2025-08-18 19:46:01,587 | INFO     | ProductionBot | 💰 Прибыль: $0.00 (0.000%)
2025-08-18 19:46:01,595 | INFO     | ProductionBot | 📦 Объем торгов: $0.00
2025-08-18 19:46:01,597 | INFO     | ProductionBot | ==================================================
2025-08-18 19:46:15,780 | INFO     | WSManager    | 🔌 Подключение к MEXC WebSocket...
2025-08-18 19:46:16,366 | INFO     | WSManager    | ✅ MEXC WebSocket подключен
2025-08-18 19:46:34,464 | ERROR    | TradingEngine | Ошибка мониторинга рисков: 'stop_loss'
2025-08-18 19:46:50,866 | INFO     | WSManager    | 🔌 Подключение к MEXC WebSocket...
2025-08-18 19:46:51,467 | INFO     | WSManager    | ✅ MEXC WebSocket подключен
2025-08-18 19:47:07,407 | ERROR    | TradingEngine | Ошибка мониторинга рисков: 'stop_loss'
2025-08-18 19:47:07,469 | INFO     | ProductionBot | ==================================================
2025-08-18 19:47:07,471 | INFO     | ProductionBot | 📊 СТАТИСТИКА РАБОТЫ
2025-08-18 19:47:07,473 | INFO     | ProductionBot | ⏱️ Время работы: 5.5 мин
2025-08-18 19:47:07,474 | INFO     | ProductionBot | 🔍 Сканирований: 300
2025-08-18 19:47:07,475 | INFO     | ProductionBot | 💎 Найдено возможностей: 0
2025-08-18 19:47:07,476 | INFO     | ProductionBot | 💼 Исполнено сделок: 0
2025-08-18 19:47:07,478 | INFO     | ProductionBot | 📨 WebSocket сообщений: 0
2025-08-18 19:47:07,479 | INFO     | ProductionBot | ❌ Ошибок: 0
2025-08-18 19:47:07,481 | INFO     | ProductionBot | 🔌 Подключено бирж: 3
2025-08-18 19:47:07,482 | INFO     | ProductionBot | 💰 Прибыль: $0.00 (0.000%)
2025-08-18 19:47:07,485 | INFO     | ProductionBot | 📦 Объем торгов: $0.00
2025-08-18 19:47:07,487 | INFO     | ProductionBot | ==================================================
2025-08-18 19:47:23,914 | INFO     | WSManager    | 🔌 Подключение к MEXC WebSocket...
2025-08-18 19:47:24,557 | INFO     | WSManager    | ✅ MEXC WebSocket подключен
2025-08-18 19:47:40,340 | ERROR    | TradingEngine | Ошибка мониторинга рисков: 'stop_loss'
2025-08-18 19:47:58,757 | INFO     | WSManager    | 🔌 Подключение к MEXC WebSocket...
2025-08-18 19:47:59,421 | INFO     | WSManager    | ✅ MEXC WebSocket подключен
2025-08-18 19:48:13,275 | ERROR    | TradingEngine | Ошибка мониторинга рисков: 'stop_loss'
2025-08-18 19:48:13,351 | INFO     | ProductionBot | ==================================================
2025-08-18 19:48:13,352 | INFO     | ProductionBot | 📊 СТАТИСТИКА РАБОТЫ
2025-08-18 19:48:13,353 | INFO     | ProductionBot | ⏱️ Время работы: 6.6 мин
2025-08-18 19:48:13,354 | INFO     | ProductionBot | 🔍 Сканирований: 359
2025-08-18 19:48:13,355 | INFO     | ProductionBot | 💎 Найдено возможностей: 0
2025-08-18 19:48:13,356 | INFO     | ProductionBot | 💼 Исполнено сделок: 0
2025-08-18 19:48:13,356 | INFO     | ProductionBot | 📨 WebSocket сообщений: 0
2025-08-18 19:48:13,357 | INFO     | ProductionBot | ❌ Ошибок: 0
2025-08-18 19:48:13,358 | INFO     | ProductionBot | 🔌 Подключено бирж: 3
2025-08-18 19:48:13,359 | INFO     | ProductionBot | 💰 Прибыль: $0.00 (0.000%)
2025-08-18 19:48:13,359 | INFO     | ProductionBot | 📦 Объем торгов: $0.00
2025-08-18 19:48:13,361 | INFO     | ProductionBot | ==================================================
2025-08-18 19:48:31,482 | INFO     | WSManager    | 🔌 Подключение к MEXC WebSocket...
2025-08-18 19:48:32,099 | INFO     | WSManager    | ✅ MEXC WebSocket подключен
2025-08-18 19:48:46,207 | ERROR    | TradingEngine | Ошибка мониторинга рисков: 'stop_loss'
2025-08-18 19:49:06,288 | INFO     | WSManager    | 🔌 Подключение к MEXC WebSocket...
2025-08-18 19:49:06,909 | INFO     | WSManager    | ✅ MEXC WebSocket подключен
2025-08-18 19:49:19,144 | ERROR    | TradingEngine | Ошибка мониторинга рисков: 'stop_loss'
2025-08-18 19:49:19,228 | INFO     | ProductionBot | ==================================================
2025-08-18 19:49:19,229 | INFO     | ProductionBot | 📊 СТАТИСТИКА РАБОТЫ
2025-08-18 19:49:19,231 | INFO     | ProductionBot | ⏱️ Время работы: 7.7 мин
2025-08-18 19:49:19,232 | INFO     | ProductionBot | 🔍 Сканирований: 419
2025-08-18 19:49:19,233 | INFO     | ProductionBot | 💎 Найдено возможностей: 0
2025-08-18 19:49:19,234 | INFO     | ProductionBot | 💼 Исполнено сделок: 0
2025-08-18 19:49:19,235 | INFO     | ProductionBot | 📨 WebSocket сообщений: 0
2025-08-18 19:49:19,236 | INFO     | ProductionBot | ❌ Ошибок: 0
2025-08-18 19:49:19,238 | INFO     | ProductionBot | 🔌 Подключено бирж: 3
2025-08-18 19:49:19,239 | INFO     | ProductionBot | 💰 Прибыль: $0.00 (0.000%)
2025-08-18 19:49:19,240 | INFO     | ProductionBot | 📦 Объем торгов: $0.00
2025-08-18 19:49:19,241 | INFO     | ProductionBot | ==================================================
2025-08-18 19:49:42,260 | INFO     | WSManager    | 🔌 Подключение к MEXC WebSocket...
2025-08-18 19:49:42,856 | INFO     | WSManager    | ✅ MEXC WebSocket подключен
2025-08-18 19:49:52,080 | ERROR    | TradingEngine | Ошибка мониторинга рисков: 'stop_loss'
2025-08-18 19:50:17,262 | INFO     | WSManager    | 🔌 Подключение к MEXC WebSocket...
2025-08-18 19:50:18,896 | INFO     | WSManager    | ✅ MEXC WebSocket подключен
2025-08-18 19:50:25,022 | ERROR    | TradingEngine | Ошибка мониторинга рисков: 'stop_loss'
2025-08-18 19:50:25,105 | INFO     | ProductionBot | ==================================================
2025-08-18 19:50:25,107 | INFO     | ProductionBot | 📊 СТАТИСТИКА РАБОТЫ
2025-08-18 19:50:25,108 | INFO     | ProductionBot | ⏱️ Время работы: 8.7 мин
2025-08-18 19:50:25,110 | INFO     | ProductionBot | 🔍 Сканирований: 479
2025-08-18 19:50:25,112 | INFO     | ProductionBot | 💎 Найдено возможностей: 0
2025-08-18 19:50:25,113 | INFO     | ProductionBot | 💼 Исполнено сделок: 0
2025-08-18 19:50:25,115 | INFO     | ProductionBot | 📨 WebSocket сообщений: 0
2025-08-18 19:50:25,118 | INFO     | ProductionBot | ❌ Ошибок: 0
2025-08-18 19:50:25,121 | INFO     | ProductionBot | 🔌 Подключено бирж: 3
2025-08-18 19:50:25,124 | INFO     | ProductionBot | 💰 Прибыль: $0.00 (0.000%)
2025-08-18 19:50:25,127 | INFO     | ProductionBot | 📦 Объем торгов: $0.00
2025-08-18 19:50:25,129 | INFO     | ProductionBot | ==================================================
2025-08-18 19:50:54,040 | INFO     | WSManager    | 🔌 Подключение к MEXC WebSocket...
2025-08-18 19:50:54,608 | INFO     | WSManager    | ✅ MEXC WebSocket подключен
2025-08-18 19:50:57,968 | ERROR    | TradingEngine | Ошибка мониторинга рисков: 'stop_loss'
2025-08-18 19:51:26,369 | INFO     | WSManager    | 🔌 Подключение к MEXC WebSocket...
2025-08-18 19:51:27,005 | INFO     | WSManager    | ✅ MEXC WebSocket подключен
2025-08-18 19:51:30,896 | ERROR    | TradingEngine | Ошибка мониторинга рисков: 'stop_loss'
2025-08-18 19:51:30,998 | INFO     | ProductionBot | ==================================================
2025-08-18 19:51:31,000 | INFO     | ProductionBot | 📊 СТАТИСТИКА РАБОТЫ
2025-08-18 19:51:31,001 | INFO     | ProductionBot | ⏱️ Время работы: 9.8 мин
2025-08-18 19:51:31,002 | INFO     | ProductionBot | 🔍 Сканирований: 539
2025-08-18 19:51:31,003 | INFO     | ProductionBot | 💎 Найдено возможностей: 0
2025-08-18 19:51:31,004 | INFO     | ProductionBot | 💼 Исполнено сделок: 0
2025-08-18 19:51:31,006 | INFO     | ProductionBot | 📨 WebSocket сообщений: 0
2025-08-18 19:51:31,007 | INFO     | ProductionBot | ❌ Ошибок: 0
2025-08-18 19:51:31,009 | INFO     | ProductionBot | 🔌 Подключено бирж: 3
2025-08-18 19:51:31,011 | INFO     | ProductionBot | 💰 Прибыль: $0.00 (0.000%)
2025-08-18 19:51:31,013 | INFO     | ProductionBot | 📦 Объем торгов: $0.00
2025-08-18 19:51:31,015 | INFO     | ProductionBot | ==================================================
2025-08-18 19:52:02,348 | INFO     | WSManager    | 🔌 Подключение к MEXC WebSocket...
2025-08-18 19:52:02,980 | INFO     | WSManager    | ✅ MEXC WebSocket подключен
2025-08-18 19:52:03,831 | ERROR    | TradingEngine | Ошибка мониторинга рисков: 'stop_loss'
2025-08-18 19:52:34,338 | INFO     | WSManager    | 🔌 Подключение к MEXC WebSocket...
2025-08-18 19:52:34,977 | INFO     | WSManager    | ✅ MEXC WebSocket подключен
2025-08-18 19:52:36,757 | ERROR    | TradingEngine | Ошибка мониторинга рисков: 'stop_loss'
2025-08-18 19:52:36,875 | INFO     | ProductionBot | ==================================================
2025-08-18 19:52:36,876 | INFO     | ProductionBot | 📊 СТАТИСТИКА РАБОТЫ
2025-08-18 19:52:36,878 | INFO     | ProductionBot | ⏱️ Время работы: 10.9 мин
2025-08-18 19:52:36,879 | INFO     | ProductionBot | 🔍 Сканирований: 599
2025-08-18 19:52:36,880 | INFO     | ProductionBot | 💎 Найдено возможностей: 0
2025-08-18 19:52:36,882 | INFO     | ProductionBot | 💼 Исполнено сделок: 0
2025-08-18 19:52:36,883 | INFO     | ProductionBot | 📨 WebSocket сообщений: 0
2025-08-18 19:52:36,884 | INFO     | ProductionBot | ❌ Ошибок: 0
2025-08-18 19:52:36,886 | INFO     | ProductionBot | 🔌 Подключено бирж: 3
2025-08-18 19:52:36,887 | INFO     | ProductionBot | 💰 Прибыль: $0.00 (0.000%)
2025-08-18 19:52:36,889 | INFO     | ProductionBot | 📦 Объем торгов: $0.00
2025-08-18 19:52:36,891 | INFO     | ProductionBot | ==================================================
