2025-08-07 22:28:17,538 - PAPER_TRADE on BTC->SOL->USDT->BTC: Gross Profit: +0.0129%, Net Profit: -0.2119%, Profit (USD): $-0.0233, New Balance: $10.98
2025-08-07 22:28:27,065 - PAPER_TRADE on BTC->SOL->USDT->BTC: Gross Profit: +0.0120%, Net Profit: -0.2128%, Profit (USD): $-0.0234, New Balance: $10.95
2025-08-07 22:28:34,601 - PAPER_TRADE on BTC->USDT->ETH->BTC: Gross Profit: +0.0482%, Net Profit: -0.1766%, Profit (USD): $-0.0193, New Balance: $10.93
2025-08-07 22:28:42,556 - PAPER_TRADE on USDT->BTC->SOL->USDT: Gross Profit: +0.0155%, Net Profit: -0.2094%, Profit (USD): $-0.0229, New Balance: $10.91
2025-08-07 22:28:50,182 - PAPER_TRADE on BTC->USDT->SOL->BTC: Gross Profit: +0.0177%, Net Profit: -0.2071%, Profit (USD): $-0.0226, New Balance: $10.89
2025-08-07 22:29:16,164 - PAPER_TRADE on BTC->SOL->USDT->BTC: Gross Profit: +0.0132%, Net Profit: -0.2117%, Profit (USD): $-0.0230, New Balance: $10.87
2025-08-07 22:29:24,250 - PAPER_TRADE on BTC->SOL->USDT->BTC: Gross Profit: +0.0102%, Net Profit: -0.2146%, Profit (USD): $-0.0233, New Balance: $10.84
2025-08-07 22:29:33,410 - PAPER_TRADE on BTC->SOL->USDT->BTC: Gross Profit: +0.0102%, Net Profit: -0.2147%, Profit (USD): $-0.0233, New Balance: $10.82
2025-08-07 22:30:17,186 - PAPER_TRADE on BTC->SOL->USDT->BTC: Gross Profit: +0.0213%, Net Profit: -0.2035%, Profit (USD): $-0.0220, New Balance: $10.80
2025-08-07 22:30:28,224 - PAPER_TRADE on BTC->SOL->USDT->BTC: Gross Profit: +0.0164%, Net Profit: -0.2084%, Profit (USD): $-0.0225, New Balance: $10.77
2025-08-07 22:31:01,960 - PAPER_TRADE on BTC->SOL->USDT->BTC: Gross Profit: +0.0347%, Net Profit: -0.1901%, Profit (USD): $-0.0205, New Balance: $10.75
2025-08-07 22:31:18,145 - PAPER_TRADE on BTC->SOL->USDT->BTC: Gross Profit: +0.0116%, Net Profit: -0.2133%, Profit (USD): $-0.0229, New Balance: $10.73
2025-08-07 22:31:26,079 - PAPER_TRADE on BTC->SOL->USDT->BTC: Gross Profit: +0.0115%, Net Profit: -0.2133%, Profit (USD): $-0.0229, New Balance: $10.71
2025-08-07 22:31:35,738 - PAPER_TRADE on BTC->SOL->USDT->BTC: Gross Profit: +0.0203%, Net Profit: -0.2045%, Profit (USD): $-0.0219, New Balance: $10.69
2025-08-07 22:31:43,564 - PAPER_TRADE on BTC->SOL->USDT->BTC: Gross Profit: +0.0203%, Net Profit: -0.2045%, Profit (USD): $-0.0219, New Balance: $10.66
2025-08-07 22:31:51,679 - PAPER_TRADE on BTC->ETH->USDT->BTC: Gross Profit: +0.0210%, Net Profit: -0.2039%, Profit (USD): $-0.0217, New Balance: $10.64
2025-08-07 22:32:28,115 - PAPER_TRADE on BTC->SOL->USDT->BTC: Gross Profit: +0.0148%, Net Profit: -0.2101%, Profit (USD): $-0.0224, New Balance: $10.62
2025-08-07 22:32:36,612 - PAPER_TRADE on BTC->SOL->USDT->BTC: Gross Profit: +0.0290%, Net Profit: -0.1958%, Profit (USD): $-0.0208, New Balance: $10.60
2025-08-07 22:32:55,735 - PAPER_TRADE on BTC->SOL->USDT->BTC: Gross Profit: +0.0134%, Net Profit: -0.2115%, Profit (USD): $-0.0224, New Balance: $10.58
2025-08-07 22:33:03,766 - PAPER_TRADE on BTC->SOL->USDT->BTC: Gross Profit: +0.0134%, Net Profit: -0.2115%, Profit (USD): $-0.0224, New Balance: $10.55
2025-08-07 22:33:21,611 - PAPER_TRADE on BTC->USDT->ETH->BTC: Gross Profit: +0.0205%, Net Profit: -0.2044%, Profit (USD): $-0.0216, New Balance: $10.53
2025-08-07 22:34:04,025 - PAPER_TRADE on BTC->SOL->USDT->BTC: Gross Profit: +0.0171%, Net Profit: -0.2078%, Profit (USD): $-0.0219, New Balance: $10.51
2025-08-07 22:34:11,835 - PAPER_TRADE on BTC->SOL->USDT->BTC: Gross Profit: +0.0171%, Net Profit: -0.2078%, Profit (USD): $-0.0218, New Balance: $10.49
