2025-08-07 22:44:14,541 - PAPER_TRADE on SOL->USDT->BTC->SOL: Gross Profit: +0.0219%, Net Profit: -0.2030%, Profit (USD): $-0.0223, New Balance: $10.98
2025-08-07 22:44:23,220 - PAPER_TRADE on BTC->USDT->ETH->BTC: Gross Profit: +0.0137%, Net Profit: -0.2112%, Profit (USD): $-0.0232, New Balance: $10.95
2025-08-07 22:44:44,930 - PAPER_TRADE on BTC->USDT->ETH->BTC: Gross Profit: +0.0143%, Net Profit: -0.2106%, Profit (USD): $-0.0231, New Balance: $10.93
2025-08-07 22:45:04,415 - PAPER_TRADE on USDT->ETH->BTC->USDT: Gross Profit: +0.0966%, Net Profit: -0.1282%, Profit (USD): $-0.0140, New Balance: $10.92
2025-08-07 22:45:13,542 - PAPER_TRADE on SOL->USDT->BTC->SOL: Gross Profit: +0.0416%, Net Profit: -0.1833%, Profit (USD): $-0.0200, New Balance: $10.90
2025-08-07 22:45:33,324 - PAPER_TRADE on SOL->USDT->BTC->SOL: Gross Profit: +0.0231%, Net Profit: -0.2017%, Profit (USD): $-0.0220, New Balance: $10.88
2025-08-07 22:45:42,226 - PAPER_TRADE on SOL->USDT->BTC->SOL: Gross Profit: +0.0166%, Net Profit: -0.2083%, Profit (USD): $-0.0226, New Balance: $10.85
2025-08-07 22:45:53,108 - PAPER_TRADE on ETH->USDT->BTC->ETH: Gross Profit: +0.0380%, Net Profit: -0.1869%, Profit (USD): $-0.0203, New Balance: $10.83
2025-08-07 22:46:08,692 - PAPER_TRADE on SOL->USDT->BTC->SOL: Gross Profit: +0.0199%, Net Profit: -0.2050%, Profit (USD): $-0.0222, New Balance: $10.81
2025-08-07 22:46:16,527 - PAPER_TRADE on BTC->ETH->USDT->BTC: Gross Profit: +0.0528%, Net Profit: -0.1720%, Profit (USD): $-0.0186, New Balance: $10.79
2025-08-07 22:46:26,374 - PAPER_TRADE on BTC->ETH->USDT->BTC: Gross Profit: +0.0156%, Net Profit: -0.2092%, Profit (USD): $-0.0226, New Balance: $10.77
2025-08-07 22:46:43,869 - PAPER_TRADE on BTC->USDT->ETH->BTC: Gross Profit: +0.0273%, Net Profit: -0.1975%, Profit (USD): $-0.0213, New Balance: $10.75
2025-08-07 22:46:51,795 - PAPER_TRADE on BTC->SOL->USDT->BTC: Gross Profit: +0.0110%, Net Profit: -0.2138%, Profit (USD): $-0.0230, New Balance: $10.72
2025-08-07 22:47:12,950 - PAPER_TRADE on SOL->USDT->BTC->SOL: Gross Profit: +0.0124%, Net Profit: -0.2124%, Profit (USD): $-0.0228, New Balance: $10.70
2025-08-07 22:47:21,351 - PAPER_TRADE on BTC->USDT->ADA->BTC: Gross Profit: +0.0244%, Net Profit: -0.2004%, Profit (USD): $-0.0214, New Balance: $10.68
2025-08-07 22:47:30,287 - PAPER_TRADE on ADA->USDT->BTC->ADA: Gross Profit: +0.0148%, Net Profit: -0.2101%, Profit (USD): $-0.0224, New Balance: $10.66
2025-08-07 22:47:58,334 - PAPER_TRADE on ETH->BTC->USDT->ETH: Gross Profit: +0.0186%, Net Profit: -0.2062%, Profit (USD): $-0.0220, New Balance: $10.64
2025-08-07 22:48:07,303 - PAPER_TRADE on SOL->BTC->USDT->SOL: Gross Profit: +0.0105%, Net Profit: -0.2143%, Profit (USD): $-0.0228, New Balance: $10.61
2025-08-07 22:48:18,907 - PAPER_TRADE on BTC->ETH->USDT->BTC: Gross Profit: +0.0169%, Net Profit: -0.2080%, Profit (USD): $-0.0221, New Balance: $10.59
2025-08-07 22:48:38,411 - PAPER_TRADE on BTC->LTC->USDT->BTC: Gross Profit: +0.1162%, Net Profit: -0.1087%, Profit (USD): $-0.0115, New Balance: $10.58
2025-08-07 22:48:56,590 - PAPER_TRADE on BTC->SOL->USDT->BTC: Gross Profit: +0.0185%, Net Profit: -0.2063%, Profit (USD): $-0.0218, New Balance: $10.56
2025-08-07 22:49:05,185 - PAPER_TRADE on BTC->ETH->USDT->BTC: Gross Profit: +0.0236%, Net Profit: -0.2012%, Profit (USD): $-0.0212, New Balance: $10.54
2025-08-07 22:49:23,456 - PAPER_TRADE on BTC->USDT->SOL->BTC: Gross Profit: +0.0129%, Net Profit: -0.2120%, Profit (USD): $-0.0223, New Balance: $10.51
2025-08-07 22:50:04,369 - PAPER_TRADE on BTC->USDT->SOL->BTC: Gross Profit: +0.0132%, Net Profit: -0.2116%, Profit (USD): $-0.0223, New Balance: $10.49
2025-08-07 22:50:13,756 - PAPER_TRADE on USDT->BTC->SOL->USDT: Gross Profit: +0.0240%, Net Profit: -0.2008%, Profit (USD): $-0.0211, New Balance: $10.47
2025-08-07 22:50:22,054 - PAPER_TRADE on BTC->LTC->USDT->BTC: Gross Profit: +0.0605%, Net Profit: -0.1643%, Profit (USD): $-0.0172, New Balance: $10.45
2025-08-07 22:50:51,053 - PAPER_TRADE on BTC->USDT->ETH->BTC: Gross Profit: +0.0125%, Net Profit: -0.2123%, Profit (USD): $-0.0222, New Balance: $10.43
2025-08-07 22:51:10,134 - PAPER_TRADE on BTC->ADA->USDT->BTC: Gross Profit: +0.0184%, Net Profit: -0.2065%, Profit (USD): $-0.0215, New Balance: $10.41
2025-08-07 22:51:24,811 - PAPER_TRADE on USDT->ETH->BTC->USDT: Gross Profit: +0.0335%, Net Profit: -0.1914%, Profit (USD): $-0.0199, New Balance: $10.39
2025-08-07 22:51:58,522 - PAPER_TRADE on USDT->SOL->BTC->USDT: Gross Profit: +0.0316%, Net Profit: -0.1932%, Profit (USD): $-0.0201, New Balance: $10.37
2025-08-07 22:52:28,280 - PAPER_TRADE on BTC->ETH->USDT->BTC: Gross Profit: +0.0372%, Net Profit: -0.1876%, Profit (USD): $-0.0195, New Balance: $10.35
2025-08-07 22:52:36,761 - PAPER_TRADE on BTC->ETH->USDT->BTC: Gross Profit: +0.0421%, Net Profit: -0.1827%, Profit (USD): $-0.0189, New Balance: $10.33
2025-08-07 22:53:12,834 - PAPER_TRADE on SOL->BTC->USDT->SOL: Gross Profit: +0.0194%, Net Profit: -0.2054%, Profit (USD): $-0.0212, New Balance: $10.31
2025-08-07 22:53:23,097 - PAPER_TRADE on BTC->USDT->ETH->BTC: Gross Profit: +0.0208%, Net Profit: -0.2041%, Profit (USD): $-0.0210, New Balance: $10.29
2025-08-07 22:53:31,844 - PAPER_TRADE on SOL->BTC->USDT->SOL: Gross Profit: +0.0147%, Net Profit: -0.2102%, Profit (USD): $-0.0216, New Balance: $10.27
2025-08-07 22:53:48,357 - PAPER_TRADE on SOL->USDT->BTC->SOL: Gross Profit: +0.0310%, Net Profit: -0.1939%, Profit (USD): $-0.0199, New Balance: $10.25
2025-08-07 22:54:08,602 - PAPER_TRADE on SOL->USDT->BTC->SOL: Gross Profit: +0.0465%, Net Profit: -0.1783%, Profit (USD): $-0.0183, New Balance: $10.23
2025-08-07 22:54:24,381 - PAPER_TRADE on USDT->SOL->BTC->USDT: Gross Profit: +0.0355%, Net Profit: -0.1893%, Profit (USD): $-0.0194, New Balance: $10.21
2025-08-07 22:54:35,713 - PAPER_TRADE on BTC->ETH->USDT->BTC: Gross Profit: +0.0255%, Net Profit: -0.1993%, Profit (USD): $-0.0204, New Balance: $10.19
2025-08-07 22:54:43,570 - PAPER_TRADE on USDT->LTC->BTC->USDT: Gross Profit: +0.0187%, Net Profit: -0.2061%, Profit (USD): $-0.0210, New Balance: $10.17
2025-08-07 22:54:52,105 - PAPER_TRADE on SOL->BTC->USDT->SOL: Gross Profit: +0.0161%, Net Profit: -0.2087%, Profit (USD): $-0.0212, New Balance: $10.15
2025-08-07 22:55:12,644 - PAPER_TRADE on SOL->USDT->BTC->SOL: Gross Profit: +0.0134%, Net Profit: -0.2114%, Profit (USD): $-0.0215, New Balance: $10.13
